Log file open, 02/26/18 10:40:53
LogWindows: Failed to load 'aqProf.dll' (GetLastError=126)
LogWindows: File 'aqProf.dll' does not exist
LogWindows: Failed to load 'VtuneApi.dll' (GetLastError=126)
LogWindows: File 'VtuneApi.dll' does not exist
LogWindows: Failed to load 'VtuneApi32e.dll' (GetLastError=126)
LogWindows: File 'VtuneApi32e.dll' does not exist
LogInit: Display: Running engine for game: HeliAttack
LogPlatformFile: Not using cached read wrapper
LogInit: Display: RandInit(-317229866) SRandInit(-317229866).
LogInit: Read version file with build ID '3709383'
LogInit: Overriding engine version to CL 3794801, compatible CL 3709383
LogInit: Registered custom module enumerator with build ID '3709383'
LogTaskGraph: Started task graph with 5 named threads and 14 total threads with 3 sets of task threads.
LogStats: Stats thread started at 2.877084
LogD3D11RHI: Aftermath initialized
LogModuleManager: Display: Found up-to-date module file ../../../Engine/Plugins/2D/Paper2D/Binaries/Win64/UE4Editor-Paper2D.dll (API version 3709383).
LogModuleManager: Display: Found up-to-date module file ../../../Engine/Plugins/2D/Paper2D/Binaries/Win64/UE4Editor-Paper2DEditor.dll (API version 3709383).
LogModuleManager: Display: Found up-to-date module file ../../../Engine/Plugins/2D/Paper2D/Binaries/Win64/UE4Editor-PaperSpriteSheetImporter.dll (API version 3709383).
LogModuleManager: Display: Found up-to-date module file ../../../Engine/Plugins/2D/Paper2D/Binaries/Win64/UE4Editor-PaperTiledImporter.dll (API version 3709383).
LogModuleManager: Display: Found up-to-date module file ../../../Engine/Plugins/2D/Paper2D/Binaries/Win64/UE4Editor-SmartSnapping.dll (API version 3709383).
LogModuleManager: Display: Found up-to-date module file ../../../Engine/Plugins/Blendables/LightPropagationVolume/Binaries/Win64/UE4Editor-LightPropagationVolumeRuntime.dll (API version 3709383).
LogModuleManager: Display: Found up-to-date module file ../../../Engine/Plugins/Blendables/LightPropagationVolume/Binaries/Win64/UE4Editor-LightPropagationVolumeEditor.dll (API version 3709383).
LogModuleManager: Display: Found up-to-date module file ../../../Engine/Plugins/Developer/GitSourceControl/Binaries/Win64/UE4Editor-GitSourceControl.dll (API version 3709383).
LogModuleManager: Display: Found up-to-date module file ../../../Engine/Plugins/Developer/PerforceSourceControl/Binaries/Win64/UE4Editor-PerforceSourceControl.dll (API version 3709383).
LogModuleManager: Display: Found up-to-date module file ../../../Engine/Plugins/Developer/SubversionSourceControl/Binaries/Win64/UE4Editor-SubversionSourceControl.dll (API version 3709383).
LogModuleManager: Display: Found up-to-date module file ../../../Engine/Plugins/Developer/UObjectPlugin/Binaries/Win64/UE4Editor-UObjectPlugin.dll (API version 3709383).
LogModuleManager: Display: Found up-to-date module file ../../../Engine/Plugins/Developer/VisualStudioCodeSourceCodeAccess/Binaries/Win64/UE4Editor-VisualStudioCodeSourceCodeAccess.dll (API version 3709383).
LogModuleManager: Display: Found up-to-date module file ../../../Engine/Plugins/Developer/VisualStudioSourceCodeAccess/Binaries/Win64/UE4Editor-VisualStudioSourceCodeAccess.dll (API version 3709383).
LogModuleManager: Display: Found up-to-date module file ../../../Engine/Plugins/Editor/AssetManagerEditor/Binaries/Win64/UE4Editor-AssetManagerEditor.dll (API version 3709383).
LogModuleManager: Display: Found up-to-date module file ../../../Engine/Plugins/Editor/AudioCapture/Binaries/Win64/UE4Editor-AudioCapture.dll (API version 3709383).
LogModuleManager: Display: Found up-to-date module file ../../../Engine/Plugins/Editor/FacialAnimation/Binaries/Win64/UE4Editor-FacialAnimation.dll (API version 3709383).
LogModuleManager: Display: Found up-to-date module file ../../../Engine/Plugins/Editor/FacialAnimation/Binaries/Win64/UE4Editor-FacialAnimationEditor.dll (API version 3709383).
LogModuleManager: Display: Found up-to-date module file ../../../Engine/Plugins/Editor/GameplayTagsEditor/Binaries/Win64/UE4Editor-GameplayTagsEditor.dll (API version 3709383).
LogModuleManager: Display: Found up-to-date module file ../../../Engine/Plugins/Editor/MobileLauncherProfileWizard/Binaries/Win64/UE4Editor-MobileLauncherProfileWizard.dll (API version 3709383).
LogModuleManager: Display: Found up-to-date module file ../../../Engine/Plugins/Editor/PluginBrowser/Binaries/Win64/UE4Editor-PluginBrowser.dll (API version 3709383).
LogModuleManager: Display: Found up-to-date module file ../../../Engine/Plugins/Editor/SpeedTreeImporter/Binaries/Win64/UE4Editor-SpeedTreeImporter.dll (API version 3709383).
LogModuleManager: Display: Found up-to-date module file ../../../Engine/Plugins/Experimental/AlembicImporter/Binaries/Win64/UE4Editor-AlembicImporter.dll (API version 3709383).
LogModuleManager: Display: Found up-to-date module file ../../../Engine/Plugins/Experimental/AlembicImporter/Binaries/Win64/UE4Editor-AlembicLibrary.dll (API version 3709383).
LogModuleManager: Display: Found up-to-date module file ../../../Engine/Plugins/Experimental/CharacterAI/Binaries/Win64/UE4Editor-CharacterAI.dll (API version 3709383).
LogModuleManager: Display: Found up-to-date module file ../../../Engine/Plugins/Experimental/HTML5Networking/Binaries/Win64/UE4Editor-HTML5Networking.dll (API version 3709383).
LogModuleManager: Display: Found up-to-date module file ../../../Engine/Plugins/Media/AndroidMedia/Binaries/Win64/UE4Editor-AndroidMediaEditor.dll (API version 3709383).
LogModuleManager: Display: Found up-to-date module file ../../../Engine/Plugins/Media/AndroidMedia/Binaries/Win64/UE4Editor-AndroidMediaFactory.dll (API version 3709383).
LogModuleManager: Display: Found up-to-date module file ../../../Engine/Plugins/Media/AvfMedia/Binaries/Win64/UE4Editor-AvfMediaEditor.dll (API version 3709383).
LogModuleManager: Display: Found up-to-date module file ../../../Engine/Plugins/Media/AvfMedia/Binaries/Win64/UE4Editor-AvfMediaFactory.dll (API version 3709383).
LogModuleManager: Display: Found up-to-date module file ../../../Engine/Plugins/Media/AvfMedia/Binaries/Win64/UE4Editor-AvfMediaFactory.dll (API version 3709383).
LogModuleManager: Display: Found up-to-date module file ../../../Engine/Plugins/Media/ImgMedia/Binaries/Win64/UE4Editor-ImgMedia.dll (API version 3709383).
LogModuleManager: Display: Found up-to-date module file ../../../Engine/Plugins/Media/ImgMedia/Binaries/Win64/UE4Editor-ImgMediaEditor.dll (API version 3709383).
LogModuleManager: Display: Found up-to-date module file ../../../Engine/Plugins/Media/ImgMedia/Binaries/Win64/UE4Editor-ImgMediaFactory.dll (API version 3709383).
LogModuleManager: Display: Found up-to-date module file ../../../Engine/Plugins/Media/ImgMedia/Binaries/Win64/UE4Editor-ImgMediaFactory.dll (API version 3709383).
LogModuleManager: Display: Found up-to-date module file ../../../Engine/Plugins/Media/ImgMedia/Binaries/Win64/UE4Editor-OpenExrWrapper.dll (API version 3709383).
LogModuleManager: Display: Found up-to-date module file ../../../Engine/Plugins/Media/MediaCompositing/Binaries/Win64/UE4Editor-MediaCompositing.dll (API version 3709383).
LogModuleManager: Display: Found up-to-date module file ../../../Engine/Plugins/Media/MediaCompositing/Binaries/Win64/UE4Editor-MediaCompositingEditor.dll (API version 3709383).
LogModuleManager: Display: Found up-to-date module file ../../../Engine/Plugins/Media/MediaPlayerEditor/Binaries/Win64/UE4Editor-MediaPlayerEditor.dll (API version 3709383).
LogModuleManager: Display: Found up-to-date module file ../../../Engine/Plugins/Media/WmfMedia/Binaries/Win64/UE4Editor-WmfMedia.dll (API version 3709383).
LogModuleManager: Display: Found up-to-date module file ../../../Engine/Plugins/Media/WmfMedia/Binaries/Win64/UE4Editor-WmfMediaEditor.dll (API version 3709383).
LogModuleManager: Display: Found up-to-date module file ../../../Engine/Plugins/Media/WmfMedia/Binaries/Win64/UE4Editor-WmfMediaFactory.dll (API version 3709383).
LogModuleManager: Display: Found up-to-date module file ../../../Engine/Plugins/Media/WmfMedia/Binaries/Win64/UE4Editor-WmfMediaFactory.dll (API version 3709383).
LogModuleManager: Display: Found up-to-date module file ../../../Engine/Plugins/Messaging/TcpMessaging/Binaries/Win64/UE4Editor-TcpMessaging.dll (API version 3709383).
LogModuleManager: Display: Found up-to-date module file ../../../Engine/Plugins/Messaging/UdpMessaging/Binaries/Win64/UE4Editor-UdpMessaging.dll (API version 3709383).
LogModuleManager: Display: Found up-to-date module file ../../../Engine/Plugins/MovieScene/ActorSequence/Binaries/Win64/UE4Editor-ActorSequence.dll (API version 3709383).
LogModuleManager: Display: Found up-to-date module file ../../../Engine/Plugins/MovieScene/LevelSequenceEditor/Binaries/Win64/UE4Editor-LevelSequenceEditor.dll (API version 3709383).
LogModuleManager: Display: Found up-to-date module file ../../../Engine/Plugins/MovieScene/MatineeToLevelSequence/Binaries/Win64/UE4Editor-MatineeToLevelSequence.dll (API version 3709383).
LogModuleManager: Display: Found up-to-date module file ../../../Engine/Plugins/Online/OnlineSubsystem/Binaries/Win64/UE4Editor-OnlineSubsystem.dll (API version 3709383).
LogModuleManager: Display: Found up-to-date module file ../../../Engine/Plugins/Runtime/AndroidPermission/Binaries/Win64/UE4Editor-AndroidPermission.dll (API version 3709383).
LogModuleManager: Display: Found up-to-date module file ../../../Engine/Plugins/Online/OnlineSubsystemNull/Binaries/Win64/UE4Editor-OnlineSubsystemNull.dll (API version 3709383).
LogModuleManager: Display: Found up-to-date module file ../../../Engine/Plugins/Online/OnlineSubsystemUtils/Binaries/Win64/UE4Editor-OnlineSubsystemUtils.dll (API version 3709383).
LogModuleManager: Display: Found up-to-date module file ../../../Engine/Plugins/Online/OnlineSubsystemUtils/Binaries/Win64/UE4Editor-OnlineBlueprintSupport.dll (API version 3709383).
LogModuleManager: Display: Found up-to-date module file ../../../Engine/Plugins/Runtime/AndroidDeviceProfileSelector/Binaries/Win64/UE4Editor-AndroidDeviceProfileSelector.dll (API version 3709383).
LogModuleManager: Display: Found up-to-date module file ../../../Engine/Plugins/Runtime/AppleARKit/Binaries/Win64/UE4Editor-AppleARKit.dll (API version 3709383).
LogModuleManager: Display: Found up-to-date module file ../../../Engine/Plugins/Runtime/ArchVisCharacter/Binaries/Win64/UE4Editor-ArchVisCharacter.dll (API version 3709383).
LogModuleManager: Display: Found up-to-date module file ../../../Engine/Plugins/Runtime/CableComponent/Binaries/Win64/UE4Editor-CableComponent.dll (API version 3709383).
LogModuleManager: Display: Found up-to-date module file ../../../Engine/Plugins/Runtime/CustomMeshComponent/Binaries/Win64/UE4Editor-CustomMeshComponent.dll (API version 3709383).
LogModuleManager: Display: Found up-to-date module file ../../../Engine/Plugins/Runtime/ExampleDeviceProfileSelector/Binaries/Win64/UE4Editor-ExampleDeviceProfileSelector.dll (API version 3709383).
LogModuleManager: Display: Found up-to-date module file ../../../Engine/Plugins/Runtime/ImmediatePhysics/Binaries/Win64/UE4Editor-ImmediatePhysics.dll (API version 3709383).
LogModuleManager: Display: Found up-to-date module file ../../../Engine/Plugins/Runtime/ImmediatePhysics/Binaries/Win64/UE4Editor-ImmediatePhysicsEditor.dll (API version 3709383).
LogModuleManager: Display: Found up-to-date module file ../../../Engine/Plugins/Runtime/LocationServicesBPLibrary/Binaries/Win64/UE4Editor-LocationServicesBPLibrary.dll (API version 3709383).
LogModuleManager: Display: Found up-to-date module file ../../../Engine/Plugins/Runtime/MobilePatchingUtils/Binaries/Win64/UE4Editor-MobilePatchingUtils.dll (API version 3709383).
LogModuleManager: Display: Found up-to-date module file ../../../Engine/Plugins/Runtime/Oculus/OculusVR/Binaries/Win64/UE4Editor-OculusHMD.dll (API version 3709383).
LogModuleManager: Display: Found up-to-date module file ../../../Engine/Plugins/Runtime/Oculus/OculusVR/Binaries/Win64/UE4Editor-OculusInput.dll (API version 3709383).
LogModuleManager: Display: Found up-to-date module file ../../../Engine/Plugins/Runtime/Oculus/OculusVR/Binaries/Win64/UE4Editor-OculusEditor.dll (API version 3709383).
LogModuleManager: Display: Found up-to-date module file ../../../Engine/Plugins/Runtime/PhysXVehicles/Binaries/Win64/UE4Editor-PhysXVehicles.dll (API version 3709383).
LogModuleManager: Display: Found up-to-date module file ../../../Engine/Plugins/Runtime/PhysXVehicles/Binaries/Win64/UE4Editor-PhysXVehiclesEditor.dll (API version 3709383).
LogModuleManager: Display: Found up-to-date module file ../../../Engine/Plugins/Runtime/ProceduralMeshComponent/Binaries/Win64/UE4Editor-ProceduralMeshComponent.dll (API version 3709383).
LogModuleManager: Display: Found up-to-date module file ../../../Engine/Plugins/Runtime/ProceduralMeshComponent/Binaries/Win64/UE4Editor-ProceduralMeshComponentEditor.dll (API version 3709383).
LogModuleManager: Display: Found up-to-date module file ../../../Engine/Plugins/Runtime/RuntimePhysXCooking/Binaries/Win64/UE4Editor-RuntimePhysXCooking.dll (API version 3709383).
LogModuleManager: Display: Found up-to-date module file ../../../Engine/Plugins/Runtime/Steam/SteamVR/Binaries/Win64/UE4Editor-SteamVR.dll (API version 3709383).
LogModuleManager: Display: Found up-to-date module file ../../../Engine/Plugins/Runtime/Steam/SteamVR/Binaries/Win64/UE4Editor-SteamVRController.dll (API version 3709383).
LogModuleManager: Display: Found up-to-date module file ../../../Engine/Plugins/Runtime/WindowsMoviePlayer/Binaries/Win64/UE4Editor-WindowsMoviePlayer.dll (API version 3709383).
LogPluginManager: Mounting plugin Paper2D
LogPluginManager: Mounting plugin LightPropagationVolume
LogPluginManager: Mounting plugin CodeLiteSourceCodeAccess
LogPluginManager: Mounting plugin GitSourceControl
LogPluginManager: Mounting plugin KDevelopSourceCodeAccess
LogPluginManager: Mounting plugin NullSourceCodeAccess
LogPluginManager: Mounting plugin PerforceSourceControl
LogPluginManager: Mounting plugin SubversionSourceControl
LogPluginManager: Mounting plugin UObjectPlugin
LogPluginManager: Mounting plugin VisualStudioCodeSourceCodeAccess
LogPluginManager: Mounting plugin VisualStudioSourceCodeAccess
LogPluginManager: Mounting plugin XCodeSourceCodeAccess
LogPluginManager: Mounting plugin AssetManagerEditor
LogPluginManager: Mounting plugin AudioCapture
LogPluginManager: Mounting plugin FacialAnimation
LogPluginManager: Mounting plugin GameplayTagsEditor
LogPluginManager: Mounting plugin MobileLauncherProfileWizard
LogPluginManager: Mounting plugin PluginBrowser
LogPluginManager: Mounting plugin SpeedTreeImporter
LogPluginManager: Mounting plugin AlembicImporter
LogPluginManager: Mounting plugin CharacterAI
LogPluginManager: Mounting plugin HTML5Networking
LogPluginManager: Mounting plugin AndroidMedia
LogPluginManager: Mounting plugin AvfMedia
LogPluginManager: Mounting plugin ImgMedia
LogPluginManager: Mounting plugin MediaCompositing
LogPluginManager: Mounting plugin MediaPlayerEditor
LogPluginManager: Mounting plugin WmfMedia
LogPluginManager: Mounting plugin TcpMessaging
LogPluginManager: Mounting plugin UdpMessaging
LogPluginManager: Mounting plugin ActorSequence
LogPluginManager: Mounting plugin LevelSequenceEditor
LogPluginManager: Mounting plugin MatineeToLevelSequence
LogPluginManager: Mounting plugin OnlineSubsystemGooglePlay
LogPluginManager: Mounting plugin OnlineSubsystemIOS
LogPluginManager: Mounting plugin OnlineSubsystem
LogPluginManager: Mounting plugin OnlineSubsystemNull
LogPluginManager: Mounting plugin OnlineSubsystemUtils
LogPluginManager: Mounting plugin AndroidDeviceProfileSelector
LogPluginManager: Mounting plugin AndroidMoviePlayer
LogPluginManager: Mounting plugin AndroidPermission
LogPluginManager: Mounting plugin AppleARKit
LogPluginManager: Mounting plugin AppleMoviePlayer
LogPluginManager: Mounting plugin ArchVisCharacter
LogPluginManager: Mounting plugin CableComponent
LogPluginManager: Mounting plugin CustomMeshComponent
LogPluginManager: Mounting plugin ExampleDeviceProfileSelector
LogPluginManager: Mounting plugin GoogleCloudMessaging
LogPluginManager: Mounting plugin ImmediatePhysics
LogPluginManager: Mounting plugin IOSDeviceProfileSelector
LogPluginManager: Mounting plugin LinuxDeviceProfileSelector
LogPluginManager: Mounting plugin LocationServicesBPLibrary
LogPluginManager: Mounting plugin MobilePatchingUtils
LogPluginManager: Mounting plugin OculusVR
LogPluginManager: Plugin shader directory ../../../Engine/Plugins/Runtime/Oculus/OculusVR/Shaders found
LogPluginManager: Mapping shader source directory ../../../Engine/Plugins/Runtime/Oculus/OculusVR/Shaders to virtual directory /Plugin/OculusVR
LogPluginManager: Mounting plugin PhysXVehicles
LogPluginManager: Mounting plugin ProceduralMeshComponent
LogPluginManager: Mounting plugin RuntimePhysXCooking
LogPluginManager: Mounting plugin SteamVR
LogPluginManager: Mounting plugin WindowsMoviePlayer
LogInit: Using libcurl 7.47.1
LogInit:  - built for x86_64-pc-win32
LogInit:  - supports SSL with OpenSSL/1.0.2g
LogInit:  - supports HTTP deflate (compression) using libz 1.2.8
LogInit:  - other features:
LogInit:      CURL_VERSION_SSL
LogInit:      CURL_VERSION_LIBZ
LogInit:      CURL_VERSION_IPV6
LogInit:      CURL_VERSION_ASYNCHDNS
LogInit:      CURL_VERSION_LARGEFILE
LogInit:      CURL_VERSION_IDN
LogInit:  CurlRequestOptions (configurable via config and command line):
LogInit:  - bVerifyPeer = false  - Libcurl will NOT verify peer certificate
LogInit:  - bUseHttpProxy = false  - Libcurl will NOT use HTTP proxy
LogInit:  - bDontReuseConnections = false  - Libcurl will reuse connections
LogInit:  - CertBundlePath = nullptr  - Libcurl will use whatever was configured at build time.
LogInit: Build: ++UE4+Release-4.18-CL-3794801
LogInit: Engine Version: 4.18.2-3794801+++UE4+Release-4.18
LogInit: Compatible Engine Version: 4.18.0-3709383+++UE4+Release-4.18
LogInit: Net CL: 3709383
LogDevObjectVersion: Number of dev versions registered: 16
LogDevObjectVersion:   Dev-Blueprints (B0D832E4-1F89-4F0D-ACCF-7EB736FD4AA2): 10
LogDevObjectVersion:   Dev-Build (E1C64328-A22C-4D53-A36C-8E866417BD8C): 0
LogDevObjectVersion:   Dev-Core (375EC13C-06E4-48FB-B500-84F0262A717E): 2
LogDevObjectVersion:   Dev-Editor (E4B068ED-F494-42E9-A231-DA0B2E46BB41): 20
LogDevObjectVersion:   Dev-Framework (CFFC743F-43B0-4480-9391-14DF171D2073): 30
LogDevObjectVersion:   Dev-Mobile (B02B49B5-BB20-44E9-A304-32B752E40360): 0
LogDevObjectVersion:   Dev-Networking (A4E4105C-59A1-49B5-A7C5-40C4547EDFEE): 0
LogDevObjectVersion:   Dev-Online (39C831C9-5AE6-47DC-9A44-9C173E1C8E7C): 0
LogDevObjectVersion:   Dev-Physics (78F01B33-EBEA-4F98-B9B4-84EACCB95AA2): 0
LogDevObjectVersion:   Dev-Platform (6631380F-2D4D-43E0-8009-CF276956A95A): 0
LogDevObjectVersion:   Dev-Rendering (12F88B9F-8875-4AFC-A67C-D90C383ABD29): 20
LogDevObjectVersion:   Dev-Sequencer (7B5AE74C-D270-4C10-A958-57980B212A5A): 4
LogDevObjectVersion:   Dev-VR (D7296918-1DD6-4BDD-9DE2-64A83CC13884): 0
LogDevObjectVersion:   Dev-LoadTimes (C2A15278-BFE7-4AFE-6C17-90FF531DF755): 1
LogDevObjectVersion:   Private-Geometry (6EACA3D4-40EC-4CC1-B786-8BED09428FC5): 1
LogDevObjectVersion:   Dev-AnimPhys (29E575DD-E0A3-4627-9D10-D276232CDCEA): 12
LogInit: Compiled (64-bit): Dec  8 2017 02:04:53
LogInit: Compiled with Visual C++: 19.00.24215.01
LogInit: Build Configuration: Development
LogInit: Branch Name: ++UE4+Release-4.18
LogInit: Command line:  
LogInit: Base directory: D:/Unreal Engine/UE_4.18/Engine/Binaries/Win64/
LogInit: Installed Engine Build: 1
LogInit: Presizing for max 8388607 objects, including 0 objects not considered by GC, pre-allocating 0 bytes for permanent pool.
LogInit: Object subsystem initialized
[2018.02.26-02.40.57:640][  0]LogInit: Selected Device Profile: [Windows]
[2018.02.26-02.40.57:640][  0]LogInit: Applying CVar settings loaded from the selected device profile: [Windows]
[2018.02.26-02.40.57:705][  0]LogInit: Computer: DESKTOP-T4LVJOE
[2018.02.26-02.40.57:705][  0]LogInit: User: RyanTWJ
[2018.02.26-02.40.57:705][  0]LogInit: CPU Page size=4096, Cores=4
[2018.02.26-02.40.57:705][  0]LogInit: High frequency timer resolution =2.533208 MHz
[2018.02.26-02.40.57:706][  0]LogMemory: Memory total: Physical=7.9GB (8GB approx)
[2018.02.26-02.40.57:706][  0]LogMemory: Platform Memory Stats for Windows
[2018.02.26-02.40.57:706][  0]LogMemory: Process Physical Memory: 273.18 MB used, 273.18 MB peak
[2018.02.26-02.40.57:706][  0]LogMemory: Process Virtual Memory: 272.08 MB used, 272.08 MB peak
[2018.02.26-02.40.57:706][  0]LogMemory: Physical Memory: 4426.11 MB used,  3649.95 MB free, 8076.05 MB total
[2018.02.26-02.40.57:706][  0]LogMemory: Virtual Memory: 680.02 MB used,  3649.95 MB free, 134217728.00 MB total
[2018.02.26-02.40.58:717][  0]LogInit: Using OS detected language (en-US).
[2018.02.26-02.40.58:717][  0]LogInit: Using OS detected locale (en-SG).
[2018.02.26-02.40.58:900][  0]LogTextLocalizationManager: No specific localization for 'en-US' exists, so the 'en' localization will be used.
[2018.02.26-02.41.00:047][  0]LogInit: Setting process to per monitor DPI aware
[2018.02.26-02.41.03:029][  0]LogD3D11RHI: D3D11 adapters:
[2018.02.26-02.41.03:320][  0]LogD3D11RHI:    0. 'NVIDIA GeForce GTX 960M' (Feature Level 11_0)
[2018.02.26-02.41.03:320][  0]LogD3D11RHI:       2019/0/4038 MB DedicatedVideo/DedicatedSystem/SharedSystem, Outputs:1, VendorId:0x10de
[2018.02.26-02.41.03:325][  0]LogD3D11RHI:    1. 'Intel(R) HD Graphics 4600' (Feature Level 11_0)
[2018.02.26-02.41.03:325][  0]LogD3D11RHI:       112/0/2048 MB DedicatedVideo/DedicatedSystem/SharedSystem, Outputs:0, VendorId:0x8086
[2018.02.26-02.41.03:327][  0]LogD3D11RHI:    2. 'Microsoft Basic Render Driver' (Feature Level 11_0)
[2018.02.26-02.41.03:327][  0]LogD3D11RHI:       0/0/4038 MB DedicatedVideo/DedicatedSystem/SharedSystem, Outputs:0, VendorId:0x1414
[2018.02.26-02.41.03:327][  0]LogD3D11RHI: Chosen D3D11 Adapter: 0
[2018.02.26-02.41.03:334][  0]LogD3D11RHI: Creating new Direct3DDevice
[2018.02.26-02.41.03:334][  0]LogD3D11RHI:     GPU DeviceId: 0x139b (for the marketing name, search the web for "GPU Device Id")
[2018.02.26-02.41.03:334][  0]LogWindows: EnumDisplayDevices:
[2018.02.26-02.41.03:334][  0]LogWindows:    0. 'Intel(R) HD Graphics 4600' (P:1 D:1)
[2018.02.26-02.41.03:334][  0]LogWindows:    1. 'Intel(R) HD Graphics 4600' (P:0 D:0)
[2018.02.26-02.41.03:334][  0]LogWindows:    2. 'Intel(R) HD Graphics 4600' (P:0 D:0)
[2018.02.26-02.41.03:334][  0]LogWindows: DebugString: GetVideoDriverDetailsInvalid PrimaryIsNotTheChoosenAdapter GetVideoDriverDetailsInvalid PrimaryIsNotTheChoosenAdapter GetVideoDriverDetailsInvalid PrimaryIsNotTheChoosenAdapter FoundDriverCount:0 
[2018.02.26-02.41.03:334][  0]LogD3D11RHI:     Adapter Name: NVIDIA GeForce GTX 960M
[2018.02.26-02.41.03:334][  0]LogD3D11RHI:   Driver Version: Unknown (internal:Unknown, unified:Unknown)
[2018.02.26-02.41.03:334][  0]LogD3D11RHI:      Driver Date: Unknown
[2018.02.26-02.41.03:334][  0]LogRHI: Texture pool is 1413 MB (70% of 2019 MB)
[2018.02.26-02.41.03:363][  0]LogD3D11RHI: Async texture creation enabled
[2018.02.26-02.41.03:376][  0]LogD3D11RHI: GPU Timing Frequency: 1000.000000 (Debug: 2 1)
[2018.02.26-02.41.03:377][  0]LogShaderCompilers: Guid format shader working directory is -10 characters bigger than the processId version (../../../../../Uni-Files/Y3Sem2/CS3247/Project/HeliAttack/Intermediate/Shaders/WorkingDirectory/10784/).
[2018.02.26-02.41.03:377][  0]LogShaderCompilers: Cleaned the shader compiler working directory 'C:/Users/RyanTWJ/AppData/Local/Temp/UnrealShaderWorkingDir/6D207F974DDE1CEF5DDC3AB8E129B694/'.
[2018.02.26-02.41.03:378][  0]LogShaderCompilers: Display: Using Local Shader Compiler.
[2018.02.26-02.41.06:814][  0]LogTemp: Display: Loaded TP AllDesktopTargetPlatform
[2018.02.26-02.41.06:853][  0]LogTemp: Display: Loaded TP MacClientTargetPlatform
[2018.02.26-02.41.06:892][  0]LogTemp: Display: Loaded TP MacNoEditorTargetPlatform
[2018.02.26-02.41.06:931][  0]LogTemp: Display: Loaded TP MacServerTargetPlatform
[2018.02.26-02.41.07:004][  0]LogTemp: Display: Loaded TP MacTargetPlatform
[2018.02.26-02.41.07:043][  0]LogTemp: Display: Loaded TP WindowsClientTargetPlatform
[2018.02.26-02.41.07:085][  0]LogTemp: Display: Loaded TP WindowsNoEditorTargetPlatform
[2018.02.26-02.41.07:124][  0]LogTemp: Display: Loaded TP WindowsServerTargetPlatform
[2018.02.26-02.41.07:156][  0]LogTemp: Display: Loaded TP WindowsTargetPlatform
[2018.02.26-02.41.07:195][  0]LogTemp: Display: Loaded TP Android_ASTCTargetPlatform
[2018.02.26-02.41.07:233][  0]LogTemp: Display: Loaded TP Android_ATCTargetPlatform
[2018.02.26-02.41.07:273][  0]LogTemp: Display: Loaded TP Android_DXTTargetPlatform
[2018.02.26-02.41.07:312][  0]LogTemp: Display: Loaded TP Android_ETC1TargetPlatform
[2018.02.26-02.41.07:350][  0]LogTemp: Display: Loaded TP Android_ETC2TargetPlatform
[2018.02.26-02.41.07:427][  0]LogTemp: Display: Loaded TP Android_MultiTargetPlatform
[2018.02.26-02.41.07:427][  0]LogTemp: Display: Loaded TP Android_PVRTCTargetPlatform
[2018.02.26-02.41.07:519][  0]LogTemp: Display: Loaded TP AndroidTargetPlatform
[2018.02.26-02.41.07:548][  0]LogTemp: Display: Loaded TP HTML5TargetPlatform
[2018.02.26-02.41.07:695][  0]LogTemp: Display: Loaded TP IOSTargetPlatform
[2018.02.26-02.41.07:728][  0]LogTemp: Display: Loaded TP TVOSTargetPlatform
[2018.02.26-02.41.07:766][  0]LogTemp: Display: Loaded TP LinuxClientTargetPlatform
[2018.02.26-02.41.07:805][  0]LogTemp: Display: Loaded TP LinuxNoEditorTargetPlatform
[2018.02.26-02.41.07:844][  0]LogTemp: Display: Loaded TP LinuxServerTargetPlatform
[2018.02.26-02.41.07:888][  0]LogTemp: Display: Loaded TP LinuxTargetPlatform
[2018.02.26-02.41.07:888][  0]LogTargetPlatformManager: Display: Building Assets For Windows
[2018.02.26-02.41.09:020][  0]LogDerivedDataCache: Display: Max Cache Size: 512 MB
[2018.02.26-02.41.09:329][  0]LogDerivedDataCache: Loaded boot cache 0.31s 74MB C:/Users/RyanTWJ/AppData/Local/UnrealEngine/4.18/DerivedDataCache/Boot.ddc.
[2018.02.26-02.41.09:329][  0]LogDerivedDataCache: Display: Loaded Boot cache: C:/Users/RyanTWJ/AppData/Local/UnrealEngine/4.18/DerivedDataCache/Boot.ddc
[2018.02.26-02.41.09:329][  0]LogDerivedDataCache: FDerivedDataBackendGraph:  Pak pak cache file ../../../../../Uni-Files/Y3Sem2/CS3247/Project/HeliAttack/DerivedDataCache/DDC.ddp not found, will not use a pak cache.
[2018.02.26-02.41.09:329][  0]LogDerivedDataCache: Unable to find inner node Pak for hierarchical cache Hierarchy.
[2018.02.26-02.41.09:330][  0]LogDerivedDataCache: FDerivedDataBackendGraph:  CompressedPak pak cache file ../../../../../Uni-Files/Y3Sem2/CS3247/Project/HeliAttack/DerivedDataCache/Compressed.ddp not found, will not use a pak cache.
[2018.02.26-02.41.09:330][  0]LogDerivedDataCache: Unable to find inner node CompressedPak for hierarchical cache Hierarchy.
[2018.02.26-02.41.09:397][  0]LogDerivedDataCache: Display: Pak cache opened for reading ../../../Engine/DerivedDataCache/Compressed.ddp.
[2018.02.26-02.41.09:410][  0]LogDerivedDataCache: Using Local data cache path C:/Users/RyanTWJ/AppData/Local/UnrealEngine/Common/DerivedDataCache: Writable
[2018.02.26-02.41.09:422][  0]LogMaterial: Verifying Global Shaders for PCD3D_SM5
[2018.02.26-02.41.09:422][  0]LogSlate: Using Freetype 2.6.0
[2018.02.26-02.41.09:484][  0]LogSlate: SlateFontCache - WITH_FREETYPE: 1, WITH_HARFBUZZ: 1
[2018.02.26-02.41.09:484][  0]LogSlate: SlateFontCache - WITH_FREETYPE: 1, WITH_HARFBUZZ: 1
[2018.02.26-02.41.15:482][  0]LogInit: Selected Device Profile: [Windows]
[2018.02.26-02.41.16:470][  0]LogSimplygon: Simplygon DLL not present - disabling.
[2018.02.26-02.41.16:530][  0]LogMeshReduction: Using SimplygonSwarm for distributed automatic mesh merging
[2018.02.26-02.41.16:545][  0]LogMeshReduction: Using QuadricMeshReduction for automatic static mesh reduction
[2018.02.26-02.41.16:549][  0]LogMeshReduction: No automatic skeletal mesh reduction module available
[2018.02.26-02.41.16:549][  0]LogMeshReduction: No automatic mesh merging module available
[2018.02.26-02.41.16:549][  0]LogMeshMerging: No automatic mesh merging module available
[2018.02.26-02.41.16:694][  0]LogNetVersion: HeliAttack , NetCL: 3709383, EngineNetVer: 2, GameNetVer: 0 (Checksum: 2213767335)
[2018.02.26-02.41.17:603][  0]LogAssetRegistry: FAssetRegistry took 0.0257 seconds to start up
[2018.02.26-02.41.21:090][  0]LogPackageLocalizationCache: Processed 7 localized package path(s) for 2 prioritized culture(s) in 0.074168 seconds
[2018.02.26-02.41.21:097][  0]LogUObjectArray: 35900 objects as part of root set at end of initial load.
[2018.02.26-02.41.21:097][  0]LogUObjectAllocator: 7372016 out of 0 bytes used by permanent object pool.
[2018.02.26-02.41.21:097][  0]LogUObjectArray: CloseDisregardForGC: 0/0 objects in disregard for GC pool
[2018.02.26-02.41.21:130][  0]LogInit: WinSock: version 1.1 (2.2), MaxSocks=32767, MaxUdp=65467
[2018.02.26-02.41.30:571][  0]LogTcpMessaging: Initializing TcpMessaging bridge
[2018.02.26-02.41.30:605][  0]LogUdpMessaging: Initializing bridge on interface 0.0.0.0:0 to multicast group 230.0.0.1:6666.
[2018.02.26-02.41.31:637][  0]LogMaterial: Uniform references updated for custom material expression Custom.
[2018.02.26-02.41.32:256][  0]SourceControl: Source control is disabled
[2018.02.26-02.41.32:256][  0]SourceControl: Source control is disabled
[2018.02.26-02.41.32:300][  0]SourceControl: Source control is disabled
[2018.02.26-02.41.32:342][  0]SourceControl: Source control is disabled
[2018.02.26-02.41.33:159][  0]LogAndroidPermission: UAndroidPermissionCallbackProxy::GetInstance
[2018.02.26-02.41.33:401][  0]LogOcInput: OculusInput pre-init called
[2018.02.26-02.41.33:807][  0]LogEngine: Initializing Engine...
[2018.02.26-02.41.33:809][  0]LogHMD: Failed to initialize OpenVR with code 110
[2018.02.26-02.41.34:059][  0]LogMaterial: Missing cached shader map for material ShadedLevelColorationUnlitMateri, compiling. Is special engine material.
[2018.02.26-02.41.34:294][  0]LogMaterial: Missing cached shader map for material VertexColorMaterial, compiling. 
[2018.02.26-02.41.34:432][  0]LogMaterial: Missing cached shader map for material VertexColorViewMode_ColorOnly, compiling. 
[2018.02.26-02.41.34:464][  0]LogMaterial: Missing cached shader map for material VertexColorViewMode_AlphaAsColor, compiling. 
[2018.02.26-02.41.34:509][  0]LogMaterial: Missing cached shader map for material VertexColorViewMode_RedOnly, compiling. 
[2018.02.26-02.41.34:547][  0]LogMaterial: Missing cached shader map for material VertexColorViewMode_GreenOnly, compiling. 
[2018.02.26-02.41.34:580][  0]LogMaterial: Missing cached shader map for material VertexColorViewMode_BlueOnly, compiling. 
[2018.02.26-02.41.34:621][  0]LogMaterial: Missing cached shader map for material RemoveSurfaceMaterial, compiling. 
[2018.02.26-02.41.34:643][  0]LogMaterial: Missing cached shader map for material DebugMeshMaterial, compiling. 
[2018.02.26-02.41.34:702][  0]LogMaterial: Missing cached shader map for material M_InvalidLightmapSettings, compiling. 
[2018.02.26-02.41.34:785][  0]LogMaterial: Missing cached shader map for material GizmoMaterial, compiling. 
[2018.02.26-02.41.34:888][  0]LogMaterial: Missing cached shader map for material PhAT_JointLimitMaterial, compiling. 
[2018.02.26-02.41.34:940][  0]LogMaterial: Missing cached shader map for material GeomMaterial, compiling. 
[2018.02.26-02.41.34:980][  0]LogMaterial: Missing cached shader map for material EditorBrushMaterial, compiling. 
[2018.02.26-02.41.35:014][  0]LogMaterial: Missing cached shader map for material BoneWeightMaterial, compiling. 
[2018.02.26-02.41.35:207][  0]LogMaterial: Missing cached shader map for material ClothMaterial, compiling. 
[2018.02.26-02.41.35:250][  0]LogMaterial: Missing cached shader map for material ClothMaterial_WF, compiling. 
[2018.02.26-02.41.35:286][  0]LogMaterial: Missing cached shader map for material DebugEditorMaterial, compiling. 
[2018.02.26-02.41.35:352][  0]LogMaterial: Missing cached shader map for material PreviewShadowIndicatorMaterial, compiling. 
[2018.02.26-02.41.35:878][  0]LogStats: UGameplayTagsManager::ConstructGameplayTagTree: Construct from data asset -  0.000 s
[2018.02.26-02.41.35:878][  0]LogStats: UGameplayTagsManager::ConstructGameplayTagTree: GameplayTagTreeChangedEvent.Broadcast -  0.000 s
[2018.02.26-02.41.36:115][  0]LogAIModule: Creating AISystem for world Untitled
[2018.02.26-02.41.36:130][  0]LogInit: XAudio2 using 'Speakers (Realtek High Definition Audio)' : 2 channels at 48 kHz using 32 bits per sample (channel mask 0x3)
[2018.02.26-02.41.36:213][  0]LogInit: FAudioDevice initialized.
[2018.02.26-02.41.36:537][  0]LogDerivedDataCache: Saved boot cache 0.32s 81MB C:/Users/RyanTWJ/AppData/Local/UnrealEngine/4.18/DerivedDataCache/Boot.ddc.
[2018.02.26-02.41.36:557][  0]LogInit: Texture streaming: Enabled
[2018.02.26-02.41.36:739][  0]LogEngineSessionManager: EngineSessionManager initialized
[2018.02.26-02.41.37:280][  0]LogInit: Transaction tracking system initialized
[2018.02.26-02.41.38:380][  0]BlueprintLog: New page: Editor Load
[2018.02.26-02.41.41:059][  0]LocalizationService: Localization service is disabled
[2018.02.26-02.41.43:386][  0]LogConsoleResponse: Display: 
[2018.02.26-02.41.44:023][  0]LogMaterial: Missing cached shader map for material Cross_Mat, compiling. 
[2018.02.26-02.41.44:154][  0]LogMaterial: Missing cached shader map for material PhAT_BoneSelectedMaterial, compiling. 
[2018.02.26-02.41.44:225][  0]LogMaterial: Missing cached shader map for material PhAT_ElemSelectedMaterial, compiling. 
[2018.02.26-02.41.44:370][  0]LogMaterial: Missing cached shader map for material PhAT_NoCollisionMaterial, compiling. 
[2018.02.26-02.41.44:410][  0]LogMaterial: Missing cached shader map for material PhAT_UnselectedMaterial, compiling. 
[2018.02.26-02.41.44:888][  0]LogMaterial: Missing cached shader map for material Tick_Mat, compiling. 
[2018.02.26-02.41.45:145][  0]LogMaterial: Missing cached shader map for material WidgetGridVertexColorMaterial_Ma, compiling. 
[2018.02.26-02.41.45:205][  0]LogMaterial: Missing cached shader map for material WidgetMaterial, compiling. 
[2018.02.26-02.41.45:254][  0]LogMaterial: Missing cached shader map for material WidgetMaterial_Current, compiling. 
[2018.02.26-02.41.45:337][  0]LogMaterial: Missing cached shader map for material WidgetMaterial_X, compiling. 
[2018.02.26-02.41.45:424][  0]LogMaterial: Missing cached shader map for material WidgetMaterial_Y, compiling. 
[2018.02.26-02.41.45:504][  0]LogMaterial: Missing cached shader map for material WidgetMaterial_Z, compiling. 
[2018.02.26-02.41.45:554][  0]LogMaterial: Missing cached shader map for material WidgetVertexColorMaterial, compiling. 
[2018.02.26-02.41.46:634][  0]LogMaterial: Missing cached shader map for material LevelGridMaterial, compiling. 
[2018.02.26-02.41.47:533][  0]LogMaterial: Missing cached shader map for material BlinkingCaret, compiling. 
[2018.02.26-02.41.48:465][  0]LogMaterial: Missing cached shader map for material M_StreamingPause, compiling. 
[2018.02.26-02.41.48:540][  0]LogCook: Display: Max memory allowance for cook 16384mb min free memory 0mb
[2018.02.26-02.41.48:540][  0]LogCook: Display: Mobile HDR setting 1
[2018.02.26-02.41.48:540][  0]LogGameplayTags: Display: UGameplayTagsManager::DoneAddingNativeTags. DelegateIsBound: 0
[2018.02.26-02.41.49:704][  0]LogFileCache: Scanning file cache for directory 'D:/Uni-Files/Y3Sem2/CS3247/Project/HeliAttack/Content/' took 0.02s
[2018.02.26-02.41.52:735][  0]SourceControl: Source control is disabled
[2018.02.26-02.41.52:735][  0]Cmd: MAP LOAD FILE="../../../../../Uni-Files/Y3Sem2/CS3247/Project/HeliAttack/Content/VirtualRealityBP/Maps/StartupMap.umap" TEMPLATE=0 SHOWPROGRESS=1 FEATURELEVEL=3
[2018.02.26-02.41.52:767][  0]LightingResults: New page: Lighting Build
[2018.02.26-02.41.52:847][  0]MapCheck: New page: Map Check
[2018.02.26-02.41.52:847][  0]LightingResults: New page: Lighting Build
[2018.02.26-02.41.54:367][  0]LogMaterial: Missing cached shader map for material M_ArcEndpoint, compiling. 
[2018.02.26-02.41.54:506][  0]LogMaterial: Missing cached shader map for material GenericHMDMaterial, compiling. 
[2018.02.26-02.41.54:688][  0]LogMaterial: Missing cached shader map for material M_TeleportPreviews, compiling. 
[2018.02.26-02.41.54:724][  0]LogMaterial: Missing cached shader map for material M_BaseMaterial, compiling. 
[2018.02.26-02.41.54:878][  0]LogMaterial: Missing cached shader map for material M_HandMat, compiling. 
[2018.02.26-02.41.55:014][  0]LogAIModule: Creating AISystem for world StartupMap
[2018.02.26-02.41.55:081][  0]LogEditorServer: Finished looking for orphan Actors (0.000 secs)
[2018.02.26-02.41.55:099][  0]Cmd: MAP CHECKDEP NOCLEARLOG
[2018.02.26-02.41.55:189][  0]MapCheck: Map check complete: 0 Error(s), 0 Warning(s), took 89.475ms to complete.
[2018.02.26-02.41.55:189][  0]LogFileHelpers: Loading map 'StartupMap' took 2.454
[2018.02.26-02.41.55:579][  0]LogCollectionManager: Loaded 0 collections in 0.002443 seconds
[2018.02.26-02.41.55:703][  0]LogFileCache: Scanning file cache for directory 'D:/Uni-Files/Y3Sem2/CS3247/Project/HeliAttack/Saved/Collections/' took 0.01s
[2018.02.26-02.41.55:703][  0]LogFileCache: Scanning file cache for directory 'D:/Uni-Files/Y3Sem2/CS3247/Project/HeliAttack/Content/Developers/RyanTWJ/Collections/' took 0.01s
[2018.02.26-02.41.55:703][  0]LogFileCache: Scanning file cache for directory 'D:/Uni-Files/Y3Sem2/CS3247/Project/HeliAttack/Content/Collections/' took 0.01s
[2018.02.26-02.41.55:703][  0]LogCollectionManager: Rebuilt the GUID cache for 0 collections in 0.000000 seconds
[2018.02.26-02.41.55:726][  0]LogContentBrowser: Native class hierarchy populated in 0.0223 seconds. Added 2363 classes and 519 folders.
[2018.02.26-02.41.55:848][  0]LogContentBrowser: Native class hierarchy updated for 'WidgetCarousel' in 0.0006 seconds. Added 0 classes and 0 folders.
[2018.02.26-02.41.57:689][  0]LogContentBrowser: Native class hierarchy updated for 'AddContentDialog' in 0.0005 seconds. Added 0 classes and 0 folders.
[2018.02.26-02.41.57:925][  0]LogContentBrowser: Native class hierarchy updated for 'SceneOutliner' in 0.0007 seconds. Added 1 classes and 2 folders.
[2018.02.26-02.41.58:243][  0]LogSlate: Took 0.056419 seconds to synchronously load lazily loaded font '../../../Engine/Content/Slate/Fonts/Roboto-Regular.ttf' (155K)
[2018.02.26-02.41.58:306][  0]LogSlate: Took 0.058872 seconds to synchronously load lazily loaded font '../../../Engine/Content/Slate/Fonts/Roboto-Bold.ttf' (160K)
[2018.02.26-02.41.58:345][  0]LogSlate: Took 0.027467 seconds to synchronously load lazily loaded font '../../../Engine/Content/Editor/Slate/Fonts/FontAwesome.ttf' (139K)
[2018.02.26-02.41.58:756][  0]LogMaterial: Missing cached shader map for material LevelGridMaterial2, compiling. 
[2018.02.26-02.41.59:096][  0]LogRenderer: Reallocating scene render targets to support 1208x576 Format 26 NumSamples 1 (Frame:1).
[2018.02.26-02.42.00:917][  0]LogContentBrowser: Native class hierarchy updated for 'HierarchicalLODOutliner' in 0.0005 seconds. Added 1 classes and 2 folders.
[2018.02.26-02.42.00:917][  0]LogLoad: (Engine Initialization) Total time: 80.94 seconds
[2018.02.26-02.42.00:917][  0]LogLoad: (Engine Initialization) Total Blueprint compile time: 0.00 seconds
[2018.02.26-02.42.00:936][  0]LogExternalProfiler: Found external profiler: VSPerf
[2018.02.26-02.42.00:936][  0]LogExternalProfiler: Using external profiler: VSPerf
[2018.02.26-02.42.01:830][  0]LogContentStreaming: Texture pool size now 1000 MB
[2018.02.26-02.42.02:252][  1]LogSlate: Took 0.032581 seconds to synchronously load lazily loaded font '../../../Engine/Content/Slate/Fonts/Roboto-Light.ttf' (159K)
[2018.02.26-02.42.03:077][  4]LogAssetRegistry: Asset discovery search completed in 45.4952 seconds
[2018.02.26-02.42.03:094][  4]LogCollectionManager: Rebuilt the object cache for 0 collections in 0.000001 seconds (found 0 objects)
[2018.02.26-02.42.03:094][  4]LogCollectionManager: Fixed up redirectors for 0 collections in 0.000141 seconds (updated 0 objects)
[2018.02.26-02.42.34:807][ 99]LogSlate: Took 0.000390 seconds to synchronously load lazily loaded font '../../../Engine/Content/Slate/Fonts/Roboto-Light.ttf' (159K)
[2018.02.26-02.44.42:821][202]LogSlate: Took 0.000220 seconds to synchronously load lazily loaded font '../../../Engine/Content/Slate/Fonts/Roboto-Light.ttf' (159K)
[2018.02.26-02.44.42:883][202]Cmd: MAP LOAD FILE="../../../../../Uni-Files/Y3Sem2/CS3247/Project/HeliAttack/Content/VirtualRealityBP/Maps/StartupMap.umap" TEMPLATE=0 SHOWPROGRESS=1 FEATURELEVEL=3
[2018.02.26-02.44.42:883][202]LightingResults: New page: Lighting Build
[2018.02.26-02.44.42:884][202]LoadErrors: New page: Loading map: StartupMap.umap
[2018.02.26-02.44.42:927][202]MapCheck: New page: Map Check
[2018.02.26-02.44.42:927][202]LightingResults: New page: Lighting Build
[2018.02.26-02.44.43:023][202]LogAIModule: Creating AISystem for world StartupMap
[2018.02.26-02.44.43:170][202]LogEditorServer: Finished looking for orphan Actors (0.000 secs)
[2018.02.26-02.44.43:218][202]Cmd: MAP CHECKDEP NOCLEARLOG
[2018.02.26-02.44.43:264][202]MapCheck: Map check complete: 0 Error(s), 0 Warning(s), took 46.084ms to complete.
[2018.02.26-02.44.43:265][202]LogFileHelpers: Loading map 'StartupMap' took 0.423
[2018.02.26-02.44.45:978][295]LogSlate: Took 0.000229 seconds to synchronously load lazily loaded font '../../../Engine/Content/Slate/Fonts/Roboto-Regular.ttf' (155K)
[2018.02.26-02.44.47:009][295]LogMaterial: Missing cached shader map for material M_Sky_Panning_Clouds2, compiling. 
[2018.02.26-02.44.47:198][295]LogMaterial: Missing cached shader map for material CubeMaterial, compiling. 
[2018.02.26-02.44.47:241][295]LogMaterial: Missing cached shader map for material M_SplineArcMat, compiling. 
[2018.02.26-02.44.47:271][295]LogAIModule: Creating AISystem for world MotionControllerMap
[2018.02.26-02.44.47:457][295]Cmd: MAP LOAD FILE="../../../../../Uni-Files/Y3Sem2/CS3247/Project/HeliAttack/Content/VirtualRealityBP/Maps/MotionControllerMap.umap" TEMPLATE=0 SHOWPROGRESS=1 FEATURELEVEL=3
[2018.02.26-02.44.47:457][295]LightingResults: New page: Lighting Build
[2018.02.26-02.44.47:458][295]LoadErrors: New page: Loading map: MotionControllerMap.umap
[2018.02.26-02.44.47:459][295]MapCheck: New page: Map Check
[2018.02.26-02.44.47:460][295]LightingResults: New page: Lighting Build
[2018.02.26-02.44.47:613][295]LogEditorServer: Finished looking for orphan Actors (0.000 secs)
[2018.02.26-02.44.47:679][295]Cmd: MAP CHECKDEP NOCLEARLOG
[2018.02.26-02.44.47:766][295]MapCheck: Map check complete: 0 Error(s), 0 Warning(s), took 86.25ms to complete.
[2018.02.26-02.44.47:766][295]LogFileHelpers: Loading map 'MotionControllerMap' took 0.311
[2018.02.26-02.45.05:016][260]LogAIModule: Creating AISystem for world HMDLocomotionMap
[2018.02.26-02.45.05:038][260]Cmd: MAP LOAD FILE="../../../../../Uni-Files/Y3Sem2/CS3247/Project/HeliAttack/Content/VirtualRealityBP/Maps/HMDLocomotionMap.umap" TEMPLATE=0 SHOWPROGRESS=1 FEATURELEVEL=3
[2018.02.26-02.45.05:038][260]LightingResults: New page: Lighting Build
[2018.02.26-02.45.05:038][260]LoadErrors: New page: Loading map: HMDLocomotionMap.umap
[2018.02.26-02.45.05:054][260]MapCheck: New page: Map Check
[2018.02.26-02.45.05:054][260]LightingResults: New page: Lighting Build
[2018.02.26-02.45.05:167][260]LogEditorServer: Finished looking for orphan Actors (0.000 secs)
[2018.02.26-02.45.05:201][260]Cmd: MAP CHECKDEP NOCLEARLOG
[2018.02.26-02.45.05:246][260]MapCheck: Map check complete: 0 Error(s), 0 Warning(s), took 45.323ms to complete.
[2018.02.26-02.45.05:247][260]LogFileHelpers: Loading map 'HMDLocomotionMap' took 0.210
[2018.02.26-02.46.06:242][708]LogSavePackage: Save=11.22ms
[2018.02.26-02.46.06:242][708]LogSavePackage: Moving '../../../../../Uni-Files/Y3Sem2/CS3247/Project/HeliAttack/Saved/HeliAttack_TestingGrounds412225914C5C09CEC58E2DA7FA4A7BAE.tmp' to '../../../../../Uni-Files/Y3Sem2/CS3247/Project/HeliAttack/Content/HeliAttack/HeliAttack_TestingGrounds.umap'
[2018.02.26-02.46.06:273][708]LogSavePackage: Display: Finished SavePackage ../../../../../Uni-Files/Y3Sem2/CS3247/Project/HeliAttack/Content/HeliAttack/HeliAttack_TestingGrounds.umap
[2018.02.26-02.46.06:273][708]LogFileHelpers: Saving map 'HeliAttack_TestingGrounds' took 0.129
[2018.02.26-02.46.06:276][708]Cmd: MAP LOAD FILE="../../../../../Uni-Files/Y3Sem2/CS3247/Project/HeliAttack/Content/HeliAttack/HeliAttack_TestingGrounds.umap" TEMPLATE=0 SHOWPROGRESS=1 FEATURELEVEL=3
[2018.02.26-02.46.06:276][708]LightingResults: New page: Lighting Build
[2018.02.26-02.46.06:284][708]LoadErrors: New page: Loading map: HeliAttack_TestingGrounds.umap
[2018.02.26-02.46.06:285][708]MapCheck: New page: Map Check
[2018.02.26-02.46.06:285][708]LightingResults: New page: Lighting Build
[2018.02.26-02.46.06:383][708]LogEditorServer: Finished looking for orphan Actors (0.000 secs)
[2018.02.26-02.46.06:383][708]LogAIModule: Creating AISystem for world HeliAttack_TestingGrounds
[2018.02.26-02.46.06:420][708]Cmd: MAP CHECKDEP NOCLEARLOG
[2018.02.26-02.46.06:463][708]MapCheck: Map check complete: 0 Error(s), 0 Warning(s), took 42.927ms to complete.
[2018.02.26-02.46.06:464][708]LogFileHelpers: Loading map 'HeliAttack_TestingGrounds' took 0.190
[2018.02.26-02.46.16:106][262]LogSlate: Took 0.011566 seconds to synchronously load lazily loaded font '../../../Engine/Content/Editor/Slate/Fonts/Roboto-Italic.ttf' (157K)
[2018.02.26-02.47.50:469][805]LogEditorViewport: Clicking on Actor (LMB): BP_Sky_Sphere_C (BP_Sky_Sphere)
[2018.02.26-02.48.04:068][612]LogSavePackage: Save=15.20ms
[2018.02.26-02.48.04:068][612]LogSavePackage: Moving '../../../../../Uni-Files/Y3Sem2/CS3247/Project/HeliAttack/Saved/HeliAttack_TestingGrounds529A489F4C575AE247B50096436CE8F0.tmp' to '../../../../../Uni-Files/Y3Sem2/CS3247/Project/HeliAttack/Content/HeliAttack/HeliAttack_TestingGrounds.umap'
[2018.02.26-02.48.04:069][612]LogSavePackage: Display: Finished SavePackage ../../../../../Uni-Files/Y3Sem2/CS3247/Project/HeliAttack/Content/HeliAttack/HeliAttack_TestingGrounds.umap
[2018.02.26-02.49.49:989][915]LogSlate: Only BGRA pngs, bmps or icos are supported in by External Image Picker
[2018.02.26-02.49.50:109][916]LogTemp: Executing iPhonePackager certificates Engine -bundlename com.YourCompany.HeliAttack
[2018.02.26-02.49.50:109][916]LogTemp: CWD: D:\Unreal Engine\UE_4.18\Engine\Binaries\DotNET\IOS
[2018.02.26-02.49.50:109][916]LogTemp: Initial Dir: D:\Unreal Engine\UE_4.18
[2018.02.26-02.49.50:109][916]LogTemp: Env CWD: D:\Unreal Engine\UE_4.18\Engine\Binaries\DotNET\IOS
[2018.02.26-02.49.50:109][916]LogTemp: BranchPath = DESKTOP-T4LVJOE/D/Unreal Engine/UE_4.18/Engine/Binaries --- GameBranchPath = DESKTOP-T4LVJOE/D/Unreal Engine/UE_4.18/Engine/Binaries
[2018.02.26-02.49.50:109][916]LogTemp: IPP ERROR: Could not find provision directory 'C:\Users\RyanTWJ\AppData\Local/Apple Computer/MobileDevice/Provisioning Profiles/'.
[2018.02.26-02.56.19:399][274]LogSavePackage: Save=52.98ms
[2018.02.26-02.56.19:399][274]LogSavePackage: Moving '../../../../../Uni-Files/Y3Sem2/CS3247/Project/HeliAttack/Saved/HeliAttack_TestingGrounds87F3CCBA4DF5EC25F5FBDABD57651CFB.tmp' to '../../../../../Uni-Files/Y3Sem2/CS3247/Project/HeliAttack/Content/HeliAttack/HeliAttack_TestingGrounds.umap'
[2018.02.26-02.56.19:400][274]LogSavePackage: Display: Finished SavePackage ../../../../../Uni-Files/Y3Sem2/CS3247/Project/HeliAttack/Content/HeliAttack/HeliAttack_TestingGrounds.umap
[2018.02.26-02.56.20:812][352]Cmd: OBJ SAVEPACKAGE PACKAGE="/Game/HeliAttack/Heli" FILE="../../../../../Uni-Files/Y3Sem2/CS3247/Project/HeliAttack/Content/HeliAttack/Heli.uasset" SILENT=true
[2018.02.26-02.56.20:836][352]LogSavePackage: Save=20.53ms
[2018.02.26-02.56.20:836][352]LogSavePackage: Moving '../../../../../Uni-Files/Y3Sem2/CS3247/Project/HeliAttack/Saved/Heli0D4878E14EE0F8C576E08EBFCB2F25EB.tmp' to '../../../../../Uni-Files/Y3Sem2/CS3247/Project/HeliAttack/Content/HeliAttack/Heli.uasset'
[2018.02.26-02.56.20:838][352]LogSavePackage: Display: Finished SavePackage ../../../../../Uni-Files/Y3Sem2/CS3247/Project/HeliAttack/Content/HeliAttack/Heli.uasset
[2018.02.26-02.56.22:731][422]LogContentBrowser: Native class hierarchy updated for 'BlueprintGraph' in 0.0023 seconds. Added 116 classes and 0 folders.
[2018.02.26-02.56.23:725][422]LogMaterial: Missing cached shader map for material GridMaterial, compiling. 
[2018.02.26-02.56.23:918][422]LogMaterial: Missing cached shader map for material PersonaFloorMat, compiling. 
[2018.02.26-02.56.24:649][422]LogRenderer: Reallocating scene render targets to support 1208x712 Format 26 NumSamples 1 (Frame:1).
[2018.02.26-03.28.27:398][420]LogSlate: Took 0.016639 seconds to synchronously load lazily loaded font '../../../Engine/Content/Editor/Slate/Fonts/Roboto-BoldCondensed.ttf' (158K)
[2018.02.26-03.31.01:106][ 37]LogFileHelpers: Editor autosave (incl. sublevels) for '/Game/HeliAttack/HeliAttack_TestingGrounds' took 0.022
[2018.02.26-03.31.01:108][ 37]OBJ SavePackage: Generating thumbnails for [0] asset(s) in package [/Game/HeliAttack/Heli] ([1] browsable assets)...
[2018.02.26-03.31.01:108][ 37]OBJ SavePackage: Finished generating thumbnails for package [/Game/HeliAttack/Heli]
[2018.02.26-03.31.01:108][ 37]Cmd: OBJ SAVEPACKAGE PACKAGE="/Game/HeliAttack/Heli" FILE="../../../../../Uni-Files/Y3Sem2/CS3247/Project/HeliAttack/Saved/Autosaves/Game/HeliAttack/Heli_Auto1.uasset" SILENT=false AUTOSAVING=true
[2018.02.26-03.31.01:406][ 37]LogSavePackage: Save=290.99ms
[2018.02.26-03.31.01:406][ 37]LogSavePackage: Moving '../../../../../Uni-Files/Y3Sem2/CS3247/Project/HeliAttack/Saved/Heli_Auto1EF286B6046ACF9FD54EDA790B0358239.tmp' to '../../../../../Uni-Files/Y3Sem2/CS3247/Project/HeliAttack/Saved/Autosaves/Game/HeliAttack/Heli_Auto1.uasset'
[2018.02.26-03.31.01:407][ 37]LogSavePackage: Display: Finished SavePackage ../../../../../Uni-Files/Y3Sem2/CS3247/Project/HeliAttack/Saved/Autosaves/Game/HeliAttack/Heli_Auto1.uasset
[2018.02.26-03.31.01:407][ 37]LogFileHelpers: Auto-saving content packages took 0.300
[2018.02.26-03.41.01:930][727]LogFileHelpers: Editor autosave (incl. sublevels) for '/Game/HeliAttack/HeliAttack_TestingGrounds' took 0.019
[2018.02.26-03.41.01:931][727]OBJ SavePackage: Generating thumbnails for [0] asset(s) in package [/Game/HeliAttack/Heli] ([1] browsable assets)...
[2018.02.26-03.41.01:931][727]OBJ SavePackage: Finished generating thumbnails for package [/Game/HeliAttack/Heli]
[2018.02.26-03.41.01:931][727]Cmd: OBJ SAVEPACKAGE PACKAGE="/Game/HeliAttack/Heli" FILE="../../../../../Uni-Files/Y3Sem2/CS3247/Project/HeliAttack/Saved/Autosaves/Game/HeliAttack/Heli_Auto2.uasset" SILENT=false AUTOSAVING=true
[2018.02.26-03.41.01:968][727]LogSavePackage: Save=23.21ms
[2018.02.26-03.41.01:968][727]LogSavePackage: Moving '../../../../../Uni-Files/Y3Sem2/CS3247/Project/HeliAttack/Saved/Heli_Auto2B152478E4A72B0AB84B3E38EF8ABD142.tmp' to '../../../../../Uni-Files/Y3Sem2/CS3247/Project/HeliAttack/Saved/Autosaves/Game/HeliAttack/Heli_Auto2.uasset'
[2018.02.26-03.41.01:968][727]LogSavePackage: Display: Finished SavePackage ../../../../../Uni-Files/Y3Sem2/CS3247/Project/HeliAttack/Saved/Autosaves/Game/HeliAttack/Heli_Auto2.uasset
[2018.02.26-03.41.01:968][727]LogFileHelpers: Auto-saving content packages took 0.038
[2018.02.26-03.42.45:320][455]Cmd: OBJ SAVEPACKAGE PACKAGE="/Game/HeliAttack/Heli" FILE="../../../../../Uni-Files/Y3Sem2/CS3247/Project/HeliAttack/Content/HeliAttack/Heli.uasset" SILENT=true
[2018.02.26-03.42.45:348][455]LogSavePackage: Save=25.74ms
[2018.02.26-03.42.45:348][455]LogSavePackage: Moving '../../../../../Uni-Files/Y3Sem2/CS3247/Project/HeliAttack/Saved/Heli0A233DB24323CF63263241A37843E61B.tmp' to '../../../../../Uni-Files/Y3Sem2/CS3247/Project/HeliAttack/Content/HeliAttack/Heli.uasset'
[2018.02.26-03.42.45:350][455]LogSavePackage: Display: Finished SavePackage ../../../../../Uni-Files/Y3Sem2/CS3247/Project/HeliAttack/Content/HeliAttack/Heli.uasset
[2018.02.26-04.11.40:869][229]LogSlate: Took 0.016174 seconds to synchronously load lazily loaded font '../../../Engine/Content/Editor/Slate/Fonts/Roboto-BoldCondensedItalic.ttf' (160K)
[2018.02.26-04.12.46:484][988]BlueprintLog: New page: Compile Heli
[2018.02.26-04.14.29:090][ 21]BlueprintLog: New page: Compile Heli
[2018.02.26-04.14.29:886][ 50]Cmd: OBJ SAVEPACKAGE PACKAGE="/Game/HeliAttack/Heli" FILE="../../../../../Uni-Files/Y3Sem2/CS3247/Project/HeliAttack/Content/HeliAttack/Heli.uasset" SILENT=true
[2018.02.26-04.14.29:937][ 50]LogSavePackage: Save=37.39ms
[2018.02.26-04.14.29:937][ 50]LogSavePackage: Moving '../../../../../Uni-Files/Y3Sem2/CS3247/Project/HeliAttack/Saved/HeliA7DBA9964C33C3FD1378FF8FC801B3D4.tmp' to '../../../../../Uni-Files/Y3Sem2/CS3247/Project/HeliAttack/Content/HeliAttack/Heli.uasset'
[2018.02.26-04.14.29:939][ 50]LogSavePackage: Display: Finished SavePackage ../../../../../Uni-Files/Y3Sem2/CS3247/Project/HeliAttack/Content/HeliAttack/Heli.uasset
[2018.02.26-04.19.25:424][960]Cmd: OBJ SAVEPACKAGE PACKAGE="/Game/HeliAttack/Heli" FILE="../../../../../Uni-Files/Y3Sem2/CS3247/Project/HeliAttack/Content/HeliAttack/Heli.uasset" SILENT=true
[2018.02.26-04.19.25:462][960]LogSavePackage: Save=35.99ms
[2018.02.26-04.19.25:463][960]LogSavePackage: Moving '../../../../../Uni-Files/Y3Sem2/CS3247/Project/HeliAttack/Saved/HeliE4888FE74D18EE97E03CA59D0D8F0473.tmp' to '../../../../../Uni-Files/Y3Sem2/CS3247/Project/HeliAttack/Content/HeliAttack/Heli.uasset'
[2018.02.26-04.19.25:463][960]LogSavePackage: Display: Finished SavePackage ../../../../../Uni-Files/Y3Sem2/CS3247/Project/HeliAttack/Content/HeliAttack/Heli.uasset
[2018.02.26-04.19.29:366][165]LogWindowsTextInputMethodSystem: Display: IME system now deactivated.
[2018.02.26-04.19.29:812][166]Cmd: QUIT_EDITOR
[2018.02.26-04.19.30:116][166]LogExit: Preparing to exit.
[2018.02.26-04.19.31:063][166]LogDirectoryWatcher: A directory notification for 'D:/Uni-Files/Y3Sem2/CS3247/Project/HeliAttack/Content/' was aborted.
[2018.02.26-04.19.31:247][166]LogExit: Editor shut down
[2018.02.26-04.19.31:285][166]LogExit: Transaction tracking system shut down
[2018.02.26-04.19.31:585][166]LogDirectoryWatcher: A directory notification for '../../../Engine/Content/' was aborted.
[2018.02.26-04.19.31:585][166]LogDirectoryWatcher: A directory notification for '../../../../../Uni-Files/Y3Sem2/CS3247/Project/HeliAttack/Content/' was aborted.
[2018.02.26-04.19.31:585][166]LogDirectoryWatcher: A directory notification for '../../../Engine/Plugins/2D/Paper2D/Content/' was aborted.
[2018.02.26-04.19.31:585][166]LogDirectoryWatcher: A directory notification for '../../../Engine/Plugins/Media/MediaCompositing/Content/' was aborted.
[2018.02.26-04.19.31:585][166]LogDirectoryWatcher: A directory notification for '../../../Engine/Plugins/Runtime/AppleARKit/Content/' was aborted.
[2018.02.26-04.19.31:585][166]LogDirectoryWatcher: A directory notification for '../../../Engine/Plugins/Runtime/Oculus/OculusVR/Content/' was aborted.
[2018.02.26-04.19.31:585][166]LogDirectoryWatcher: A directory notification for '../../../Engine/Plugins/Runtime/Steam/SteamVR/Content/' was aborted.
[2018.02.26-04.19.32:407][166]LogExit: Object subsystem successfully closed.
[2018.02.26-04.19.32:581][166]LogD3D11RHI: Shutdown
[2018.02.26-04.19.32:594][166]LogD3D11RHI: CleanupD3DDevice
[2018.02.26-04.19.32:617][166]LogD3D11RHI: ~FD3D11DynamicRHI
[2018.02.26-04.19.34:345][166]LogModuleManager: Shutting down and abandoning module BlueprintGraph (552)
[2018.02.26-04.19.34:345][166]LogModuleManager: Shutting down and abandoning module ExternalImagePicker (550)
[2018.02.26-04.19.34:345][166]LogModuleManager: Shutting down and abandoning module HierarchicalLODOutliner (548)
[2018.02.26-04.19.34:345][166]LogModuleManager: Shutting down and abandoning module SceneOutliner (546)
[2018.02.26-04.19.34:345][166]LogModuleManager: Shutting down and abandoning module AddContentDialog (544)
[2018.02.26-04.19.34:362][166]LogDirectoryWatcher: A directory notification for 'D:/Unreal Engine/UE_4.18/FeaturePacks/' was aborted.
[2018.02.26-04.19.34:369][166]LogModuleManager: Shutting down and abandoning module WidgetCarousel (543)
[2018.02.26-04.19.34:369][166]LogModuleManager: Shutting down and abandoning module EditorWidgets (540)
[2018.02.26-04.19.34:369][166]LogModuleManager: Shutting down and abandoning module CollectionManager (538)
[2018.02.26-04.19.34:389][166]LogDirectoryWatcher: A directory notification for 'D:/Uni-Files/Y3Sem2/CS3247/Project/HeliAttack/Content/Collections/' was aborted.
[2018.02.26-04.19.34:389][166]LogDirectoryWatcher: A directory notification for 'D:/Uni-Files/Y3Sem2/CS3247/Project/HeliAttack/Content/Developers/RyanTWJ/Collections/' was aborted.
[2018.02.26-04.19.34:389][166]LogDirectoryWatcher: A directory notification for 'D:/Uni-Files/Y3Sem2/CS3247/Project/HeliAttack/Saved/Collections/' was aborted.
[2018.02.26-04.19.34:389][166]LogModuleManager: Shutting down and abandoning module StatsViewer (536)
[2018.02.26-04.19.34:426][166]LogModuleManager: Shutting down and abandoning module FoliageEdit (534)
[2018.02.26-04.19.34:512][166]LogModuleManager: Shutting down and abandoning module LandscapeEditor (532)
[2018.02.26-04.19.34:604][166]LogModuleManager: Shutting down and abandoning module MeshPaintMode (530)
[2018.02.26-04.19.34:620][166]LogModuleManager: Shutting down and abandoning module SceneDepthPickerMode (528)
[2018.02.26-04.19.34:620][166]LogModuleManager: Shutting down and abandoning module ActorPickerMode (526)
[2018.02.26-04.19.34:620][166]LogModuleManager: Shutting down and abandoning module GeometryMode (524)
[2018.02.26-04.19.34:620][166]LogModuleManager: Shutting down and abandoning module TextureAlignMode (522)
[2018.02.26-04.19.34:620][166]LogModuleManager: Shutting down and abandoning module BspMode (520)
[2018.02.26-04.19.34:620][166]LogModuleManager: Shutting down and abandoning module PIEPreviewDeviceProfileSelector (518)
[2018.02.26-04.19.34:620][166]LogModuleManager: Shutting down and abandoning module HardwareSurvey (516)
[2018.02.26-04.19.34:620][166]LogModuleManager: Shutting down and abandoning module SequenceRecorderSections (514)
[2018.02.26-04.19.34:620][166]LogModuleManager: Shutting down and abandoning module AutomationWorker (512)
[2018.02.26-04.19.34:675][166]LogModuleManager: Shutting down and abandoning module MatineeToLevelSequence (510)
[2018.02.26-04.19.34:684][166]LogModuleManager: Shutting down and abandoning module LevelSequenceEditor (508)
[2018.02.26-04.19.34:770][166]LogModuleManager: Shutting down and abandoning module PlacementMode (507)
[2018.02.26-04.19.34:771][166]LogModuleManager: Shutting down and abandoning module WmfMediaFactory (504)
[2018.02.26-04.19.34:771][166]LogModuleManager: Shutting down and abandoning module WmfMediaEditor (502)
[2018.02.26-04.19.34:771][166]LogModuleManager: Shutting down and abandoning module OpenExrWrapper (500)
[2018.02.26-04.19.34:771][166]LogModuleManager: Shutting down and abandoning module ImgMediaFactory (498)
[2018.02.26-04.19.34:771][166]LogModuleManager: Shutting down and abandoning module ImgMediaEditor (496)
[2018.02.26-04.19.34:771][166]LogModuleManager: Shutting down and abandoning module AvfMediaFactory (494)
[2018.02.26-04.19.34:771][166]LogModuleManager: Shutting down and abandoning module AvfMediaEditor (492)
[2018.02.26-04.19.34:771][166]LogModuleManager: Shutting down and abandoning module AndroidMediaFactory (490)
[2018.02.26-04.19.34:771][166]LogModuleManager: Shutting down and abandoning module AndroidMediaEditor (488)
[2018.02.26-04.19.34:771][166]LogModuleManager: Shutting down and abandoning module CharacterAI (486)
[2018.02.26-04.19.34:771][166]LogModuleManager: Shutting down and abandoning module AudioCapture (484)
[2018.02.26-04.19.34:838][166]LogModuleManager: Shutting down and abandoning module SequenceRecorder (483)
[2018.02.26-04.19.34:838][166]LogModuleManager: Shutting down and abandoning module SmartSnapping (480)
[2018.02.26-04.19.34:838][166]LogModuleManager: Shutting down and abandoning module SessionServices (478)
[2018.02.26-04.19.34:838][166]LogModuleManager: Shutting down and abandoning module ViewportSnapping (476)
[2018.02.26-04.19.34:838][166]LogModuleManager: Shutting down and abandoning module ViewportInteraction (474)
[2018.02.26-04.19.34:838][166]LogModuleManager: Shutting down and abandoning module ClothPainter (472)
[2018.02.26-04.19.34:886][166]LogModuleManager: Shutting down and abandoning module SkeletalMeshEditor (471)
[2018.02.26-04.19.34:913][166]LogModuleManager: Shutting down and abandoning module LogVisualizer (468)
[2018.02.26-04.19.34:959][166]LogModuleManager: Shutting down and abandoning module IntroTutorials (466)
[2018.02.26-04.19.35:068][166]LogModuleManager: Shutting down and abandoning module GameProjectGeneration (465)
[2018.02.26-04.19.35:156][166]LogModuleManager: Shutting down and abandoning module IOSPlatformEditor (462)
[2018.02.26-04.19.35:157][166]LogModuleManager: Shutting down and abandoning module HTML5PlatformEditor (460)
[2018.02.26-04.19.35:157][166]LogModuleManager: Shutting down and abandoning module AndroidPlatformEditor (458)
[2018.02.26-04.19.35:157][166]LogModuleManager: Shutting down and abandoning module AndroidDeviceDetection (457)
[2018.02.26-04.19.35:226][166]LogModuleManager: Shutting down and abandoning module WindowsPlatformEditor (454)
[2018.02.26-04.19.35:226][166]LogModuleManager: Shutting down and abandoning module IOSRuntimeSettings (452)
[2018.02.26-04.19.35:226][166]LogModuleManager: Shutting down and abandoning module AndroidRuntimeSettings (450)
[2018.02.26-04.19.35:227][166]LogModuleManager: Shutting down and abandoning module InputBindingEditor (448)
[2018.02.26-04.19.35:245][166]LogModuleManager: Shutting down and abandoning module MergeActors (446)
[2018.02.26-04.19.35:258][166]LogModuleManager: Shutting down and abandoning module SizeMap (444)
[2018.02.26-04.19.35:258][166]LogModuleManager: Shutting down and abandoning module TreeMap (442)
[2018.02.26-04.19.35:294][166]LogModuleManager: Shutting down and abandoning module ReferenceViewer (440)
[2018.02.26-04.19.35:294][166]LogModuleManager: Shutting down and abandoning module LocalizationDashboard (438)
[2018.02.26-04.19.35:324][166]LogModuleManager: Shutting down and abandoning module LocalizationService (437)
[2018.02.26-04.19.35:337][166]LogModuleManager: Shutting down and abandoning module HardwareTargeting (434)
[2018.02.26-04.19.35:337][166]LogModuleManager: Shutting down and abandoning module DeviceProfileEditor (432)
[2018.02.26-04.19.35:337][166]LogModuleManager: Shutting down and abandoning module UndoHistory (430)
[2018.02.26-04.19.35:337][166]LogModuleManager: Shutting down and abandoning module XmlParser (428)
[2018.02.26-04.19.35:337][166]LogModuleManager: Shutting down and abandoning module Blutility (426)
[2018.02.26-04.19.35:337][166]LogModuleManager: Shutting down and abandoning module ProjectSettingsViewer (424)
[2018.02.26-04.19.35:337][166]LogModuleManager: Shutting down and abandoning module ProjectTargetPlatformEditor (423)
[2018.02.26-04.19.35:337][166]LogModuleManager: Shutting down and abandoning module EditorSettingsViewer (420)
[2018.02.26-04.19.35:338][166]LogModuleManager: Shutting down and abandoning module SettingsEditor (418)
[2018.02.26-04.19.35:338][166]LogModuleManager: Shutting down and abandoning module ProjectLauncher (416)
[2018.02.26-04.19.35:353][166]LogModuleManager: Shutting down and abandoning module SessionFrontend (414)
[2018.02.26-04.19.35:361][166]LogModuleManager: Shutting down and abandoning module ProfilerClient (412)
[2018.02.26-04.19.35:371][166]LogModuleManager: Shutting down and abandoning module DeviceManager (410)
[2018.02.26-04.19.35:384][166]LogModuleManager: Shutting down and abandoning module TargetDeviceServices (409)
[2018.02.26-04.19.35:450][166]LogModuleManager: Shutting down and abandoning module AutomationController (406)
[2018.02.26-04.19.35:482][166]LogModuleManager: Shutting down and abandoning module AutomationWindow (404)
[2018.02.26-04.19.35:512][166]LogModuleManager: Shutting down and abandoning module Layers (402)
[2018.02.26-04.19.35:588][166]LogModuleManager: Shutting down and abandoning module ComponentVisualizers (400)
[2018.02.26-04.19.35:588][166]LogModuleManager: Shutting down and abandoning module DetailCustomizations (398)
[2018.02.26-04.19.35:617][166]LogModuleManager: Shutting down and abandoning module PackagesDialog (396)
[2018.02.26-04.19.35:617][166]LogModuleManager: Shutting down and abandoning module Persona (394)
[2018.02.26-04.19.35:668][166]LogModuleManager: Shutting down and abandoning module AdvancedPreviewScene (393)
[2018.02.26-04.19.35:669][166]LogModuleManager: Shutting down and abandoning module AnimGraph (391)
[2018.02.26-04.19.35:669][166]LogModuleManager: Shutting down and abandoning module Kismet (388)
[2018.02.26-04.19.35:710][166]LogModuleManager: Shutting down and abandoning module ClassViewer (386)
[2018.02.26-04.19.35:712][166]LogModuleManager: Shutting down and abandoning module Toolbox (384)
[2018.02.26-04.19.35:712][166]LogModuleManager: Shutting down and abandoning module ModuleUI (382)
[2018.02.26-04.19.35:730][166]LogModuleManager: Shutting down and abandoning module MovieSceneTools (380)
[2018.02.26-04.19.35:755][166]LogModuleManager: Shutting down and abandoning module OutputLog (378)
[2018.02.26-04.19.35:768][166]LogModuleManager: Shutting down and abandoning module GammaUI (376)
[2018.02.26-04.19.35:787][166]LogModuleManager: Shutting down and abandoning module Documentation (374)
[2018.02.26-04.19.35:787][166]LogModuleManager: Shutting down and abandoning module MovieSceneTracks (372)
[2018.02.26-04.19.35:787][166]LogModuleManager: Shutting down and abandoning module MovieScene (370)
[2018.02.26-04.19.35:787][166]LogModuleManager: Shutting down and abandoning module StreamingPauseRendering (368)
[2018.02.26-04.19.35:787][166]LogModuleManager: Shutting down and abandoning module LauncherPlatform (366)
[2018.02.26-04.19.35:787][166]LogModuleManager: Shutting down and abandoning module AnalyticsET (364)
[2018.02.26-04.19.35:787][166]LogModuleManager: Shutting down and abandoning module PortalServices (362)
[2018.02.26-04.19.35:787][166]LogModuleManager: Shutting down and abandoning module PortalRpc (360)
[2018.02.26-04.19.35:787][166]LogModuleManager: Shutting down and abandoning module MessagingRpc (358)
[2018.02.26-04.19.35:787][166]LogModuleManager: Shutting down and abandoning module AIModule (356)
[2018.02.26-04.19.35:792][166]LogModuleManager: Shutting down and abandoning module GameplayDebugger (355)
[2018.02.26-04.19.35:793][166]LogModuleManager: Shutting down and abandoning module AITestSuite (353)
[2018.02.26-04.19.35:805][166]LogModuleManager: Shutting down and abandoning module DesktopPlatform (350)
[2018.02.26-04.19.35:805][166]LogModuleManager: Shutting down and abandoning module ProfilerService (348)
[2018.02.26-04.19.36:013][166]LogModuleManager: Shutting down and abandoning module TaskGraph (346)
[2018.02.26-04.19.36:033][166]LogModuleManager: Shutting down and abandoning module SteamVRController (344)
[2018.02.26-04.19.36:033][166]LogModuleManager: Shutting down and abandoning module ProceduralMeshComponentEditor (342)
[2018.02.26-04.19.36:033][166]LogModuleManager: Shutting down and abandoning module ProceduralMeshComponent (340)
[2018.02.26-04.19.36:033][166]LogModuleManager: Shutting down and abandoning module OculusInput (338)
[2018.02.26-04.19.36:033][166]LogModuleManager: Shutting down and abandoning module MobilePatchingUtils (336)
[2018.02.26-04.19.36:033][166]LogModuleManager: Shutting down and abandoning module CustomMeshComponent (334)
[2018.02.26-04.19.36:033][166]LogModuleManager: Shutting down and abandoning module CableComponent (332)
[2018.02.26-04.19.36:033][166]LogModuleManager: Shutting down and abandoning module ArchVisCharacter (330)
[2018.02.26-04.19.36:033][166]LogModuleManager: Shutting down and abandoning module AndroidPermission (328)
[2018.02.26-04.19.36:033][166]LogModuleManager: Shutting down and abandoning module ActorSequence (324)
[2018.02.26-04.19.36:033][166]LogModuleManager: Shutting down and abandoning module MediaPlayerEditor (322)
[2018.02.26-04.19.36:050][166]LogModuleManager: Shutting down and abandoning module MediaCompositingEditor (320)
[2018.02.26-04.19.36:050][166]LogModuleManager: Shutting down and abandoning module MediaCompositing (318)
[2018.02.26-04.19.36:050][166]LogModuleManager: Shutting down and abandoning module HTML5Networking (316)
[2018.02.26-04.19.36:050][166]LogModuleManager: Shutting down and abandoning module AlembicImporter (314)
[2018.02.26-04.19.36:063][166]LogModuleManager: Shutting down and abandoning module AlembicLibrary (313)
[2018.02.26-04.19.36:063][166]LogModuleManager: Shutting down and abandoning module GeometryCache (312)
[2018.02.26-04.19.36:063][166]LogModuleManager: Shutting down and abandoning module GeometryCacheEd (311)
[2018.02.26-04.19.36:063][166]LogModuleManager: Shutting down and abandoning module SpeedTreeImporter (306)
[2018.02.26-04.19.36:063][166]LogModuleManager: Shutting down and abandoning module PluginBrowser (304)
[2018.02.26-04.19.36:083][166]LogModuleManager: Shutting down and abandoning module MobileLauncherProfileWizard (302)
[2018.02.26-04.19.36:095][166]LogModuleManager: Shutting down and abandoning module VisualStudioSourceCodeAccess (300)
[2018.02.26-04.19.36:096][166]LogModuleManager: Shutting down and abandoning module VisualStudioCodeSourceCodeAccess (298)
[2018.02.26-04.19.36:096][166]LogModuleManager: Shutting down and abandoning module UObjectPlugin (296)
[2018.02.26-04.19.36:096][166]LogModuleManager: Shutting down and abandoning module SubversionSourceControl (294)
[2018.02.26-04.19.36:112][166]LogModuleManager: Shutting down and abandoning module PerforceSourceControl (292)
[2018.02.26-04.19.36:117][166]LogModuleManager: Shutting down and abandoning module GitSourceControl (290)
[2018.02.26-04.19.36:128][166]LogModuleManager: Shutting down and abandoning module SourceControl (289)
[2018.02.26-04.19.36:144][166]LogModuleManager: Shutting down and abandoning module LightPropagationVolumeEditor (286)
[2018.02.26-04.19.36:144][166]LogModuleManager: Shutting down and abandoning module PaperTiledImporter (284)
[2018.02.26-04.19.36:144][166]LogModuleManager: Shutting down and abandoning module PaperSpriteSheetImporter (282)
[2018.02.26-04.19.36:144][166]LogModuleManager: Shutting down and abandoning module Paper2DEditor (280)
[2018.02.26-04.19.36:189][166]LogModuleManager: Shutting down and abandoning module MeshPaint (279)
[2018.02.26-04.19.36:199][166]LogModuleManager: Shutting down and abandoning module LevelEditor (277)
[2018.02.26-04.19.36:209][166]LogModuleManager: Shutting down and abandoning module PixelInspectorModule (276)
[2018.02.26-04.19.36:219][166]LogModuleManager: Shutting down and abandoning module MainFrame (274)
[2018.02.26-04.19.36:219][166]LogModuleManager: Shutting down and abandoning module HotReload (273)
[2018.02.26-04.19.36:226][166]LogModuleManager: Shutting down and abandoning module RuntimePhysXCooking (268)
[2018.02.26-04.19.36:226][166]LogModuleManager: Shutting down and abandoning module PhysXVehiclesEditor (266)
[2018.02.26-04.19.36:226][166]LogModuleManager: Shutting down and abandoning module PhysXVehicles (264)
[2018.02.26-04.19.36:226][166]LogModuleManager: Shutting down and abandoning module OculusEditor (262)
[2018.02.26-04.19.36:226][166]LogModuleManager: Shutting down and abandoning module LocationServicesBPLibrary (260)
[2018.02.26-04.19.36:226][166]LogModuleManager: Shutting down and abandoning module ImmediatePhysicsEditor (258)
[2018.02.26-04.19.36:226][166]LogModuleManager: Shutting down and abandoning module ImmediatePhysics (256)
[2018.02.26-04.19.36:236][166]LogModuleManager: Shutting down and abandoning module UdpMessaging (254)
[2018.02.26-04.19.36:346][166]LogModuleManager: Shutting down and abandoning module TcpMessaging (252)
[2018.02.26-04.19.36:454][166]LogModuleManager: Shutting down and abandoning module GameplayTagsEditor (250)
[2018.02.26-04.19.36:469][166]LogModuleManager: Shutting down and abandoning module FacialAnimationEditor (248)
[2018.02.26-04.19.36:469][166]LogModuleManager: Shutting down and abandoning module FacialAnimation (246)
[2018.02.26-04.19.36:469][166]LogModuleManager: Shutting down and abandoning module AssetManagerEditor (244)
[2018.02.26-04.19.36:478][166]LogModuleManager: Shutting down and abandoning module GraphEditor (243)
[2018.02.26-04.19.36:478][166]LogModuleManager: Shutting down and abandoning module ContentBrowser (241)
[2018.02.26-04.19.36:480][166]LogModuleManager: Shutting down and abandoning module LightPropagationVolumeRuntime (238)
[2018.02.26-04.19.36:480][166]LogModuleManager: Shutting down and abandoning module Paper2D (236)
[2018.02.26-04.19.36:480][166]LogModuleManager: Shutting down and abandoning module WindowsMoviePlayer (234)
[2018.02.26-04.19.36:480][166]LogModuleManager: Shutting down and abandoning module WmfMedia (232)
[2018.02.26-04.19.36:493][166]LogModuleManager: Shutting down and abandoning module ImgMedia (230)
[2018.02.26-04.19.36:493][166]LogModuleManager: Shutting down and abandoning module PacketHandler (228)
[2018.02.26-04.19.36:493][166]LogModuleManager: Shutting down and abandoning module ClothingSystemEditor (226)
[2018.02.26-04.19.36:493][166]LogModuleManager: Shutting down and abandoning module ClothingSystemRuntime (224)
[2018.02.26-04.19.36:516][166]LogModuleManager: Shutting down and abandoning module MediaAssets (222)
[2018.02.26-04.19.36:516][166]LogModuleManager: Shutting down and abandoning module Media (221)
[2018.02.26-04.19.36:522][166]LogModuleManager: Shutting down and abandoning module Overlay (218)
[2018.02.26-04.19.36:522][166]LogModuleManager: Shutting down and abandoning module OverlayEditor (217)
[2018.02.26-04.19.36:522][166]LogModuleManager: Shutting down and abandoning module VREditor (214)
[2018.02.26-04.19.36:538][166]LogModuleManager: Shutting down and abandoning module StringTableEditor (212)
[2018.02.26-04.19.36:549][166]LogModuleManager: Shutting down and abandoning module GameplayTasksEditor (210)
[2018.02.26-04.19.36:549][166]LogModuleManager: Shutting down and abandoning module BehaviorTreeEditor (208)
[2018.02.26-04.19.36:575][166]LogModuleManager: Shutting down and abandoning module FunctionalTesting (206)
[2018.02.26-04.19.36:586][166]LogModuleManager: Shutting down and abandoning module CollisionAnalyzer (204)
[2018.02.26-04.19.36:595][166]LogModuleManager: Shutting down and abandoning module WorkspaceMenuStructure (203)
[2018.02.26-04.19.36:595][166]LogModuleManager: Shutting down and abandoning module UMG (200)
[2018.02.26-04.19.36:600][166]LogModuleManager: Shutting down and abandoning module UMGEditor (199)
[2018.02.26-04.19.36:632][166]LogModuleManager: Shutting down and abandoning module Sequencer (198)
[2018.02.26-04.19.36:657][166]LogModuleManager: Shutting down and abandoning module MessageLog (195)
[2018.02.26-04.19.36:657][166]LogModuleManager: Shutting down and abandoning module SlateReflector (190)
[2018.02.26-04.19.36:681][166]LogModuleManager: Shutting down and abandoning module Slate (188)
[2018.02.26-04.19.36:681][166]LogModuleManager: Shutting down and abandoning module EditorStyle (186)
[2018.02.26-04.19.36:684][166]LogModuleManager: Shutting down and abandoning module MRMesh (184)
[2018.02.26-04.19.36:684][166]LogModuleManager: Shutting down and abandoning module SourceCodeAccess (182)
[2018.02.26-04.19.36:684][166]LogModuleManager: Shutting down and abandoning module HeadMountedDisplay (180)
[2018.02.26-04.19.36:684][166]LogModuleManager: Shutting down and abandoning module XAudio2 (178)
[2018.02.26-04.19.36:684][166]LogModuleManager: Shutting down and abandoning module Networking (176)
[2018.02.26-04.19.36:684][166]LogModuleManager: Shutting down and abandoning module Core (172)
[2018.02.26-04.19.36:684][166]LogModuleManager: Shutting down and abandoning module LevelSequence (168)
[2018.02.26-04.19.36:690][166]LogModuleManager: Shutting down and abandoning module DirectoryWatcher (166)
[2018.02.26-04.19.36:698][166]LogModuleManager: Shutting down and abandoning module KismetCompiler (164)
[2018.02.26-04.19.36:698][166]LogModuleManager: Shutting down and abandoning module MeshUtilities (162)
[2018.02.26-04.19.36:716][166]LogModuleManager: Shutting down and abandoning module MeshMergeUtilities (161)
[2018.02.26-04.19.36:723][166]LogModuleManager: Shutting down and abandoning module MeshReductionInterface (160)
[2018.02.26-04.19.36:723][166]LogModuleManager: Shutting down and abandoning module SimplygonSwarm (159)
[2018.02.26-04.19.36:734][166]LogModuleManager: Shutting down and abandoning module SimplygonMeshReduction (157)
[2018.02.26-04.19.36:734][166]LogModuleManager: Shutting down and abandoning module QuadricMeshReduction (155)
[2018.02.26-04.19.36:734][166]LogModuleManager: Shutting down and abandoning module MaterialBaking (151)
[2018.02.26-04.19.36:745][166]LogModuleManager: Shutting down and abandoning module DerivedDataCache (148)
[2018.02.26-04.19.36:813][166]LogDerivedDataCache: Shutdown
[2018.02.26-04.19.36:813][166]LogModuleManager: Shutting down and abandoning module TargetPlatform (146)
[2018.02.26-04.19.36:813][166]LogModuleManager: Shutting down and abandoning module VulkanShaderFormat (145)
[2018.02.26-04.19.36:824][166]LogModuleManager: Shutting down and abandoning module ShaderFormatVectorVM (143)
[2018.02.26-04.19.36:830][166]LogModuleManager: Shutting down and abandoning module ShaderFormatOpenGL (141)
[2018.02.26-04.19.36:837][166]LogModuleManager: Shutting down and abandoning module ShaderFormatD3D (139)
[2018.02.26-04.19.36:837][166]LogModuleManager: Shutting down and abandoning module MetalShaderFormat (137)
[2018.02.26-04.19.36:847][166]LogModuleManager: Shutting down and abandoning module TextureFormatUncompressed (135)
[2018.02.26-04.19.36:847][166]LogModuleManager: Shutting down and abandoning module TextureFormatPVR (133)
[2018.02.26-04.19.36:847][166]LogModuleManager: Shutting down and abandoning module TextureFormatDXT (131)
[2018.02.26-04.19.36:848][166]LogModuleManager: Shutting down and abandoning module TextureFormatIntelISPCTexComp (129)
[2018.02.26-04.19.36:848][166]LogModuleManager: Shutting down and abandoning module TextureFormatASTC (127)
[2018.02.26-04.19.36:848][166]LogModuleManager: Shutting down and abandoning module ImageWrapper (126)
[2018.02.26-04.19.36:848][166]LogModuleManager: Shutting down and abandoning module TextureFormatAndroid (123)
[2018.02.26-04.19.36:848][166]LogModuleManager: Shutting down and abandoning module AudioFormatOpus (121)
[2018.02.26-04.19.36:848][166]LogModuleManager: Shutting down and abandoning module AudioFormatOgg (119)
[2018.02.26-04.19.36:848][166]LogModuleManager: Shutting down and abandoning module AudioFormatADPCM (117)
[2018.02.26-04.19.36:848][166]LogModuleManager: Shutting down and abandoning module LinuxTargetPlatform (115)
[2018.02.26-04.19.36:848][166]LogModuleManager: Shutting down and abandoning module LinuxServerTargetPlatform (113)
[2018.02.26-04.19.36:848][166]LogModuleManager: Shutting down and abandoning module LinuxNoEditorTargetPlatform (111)
[2018.02.26-04.19.36:848][166]LogModuleManager: Shutting down and abandoning module LinuxClientTargetPlatform (109)
[2018.02.26-04.19.36:848][166]LogModuleManager: Shutting down and abandoning module TVOSTargetPlatform (107)
[2018.02.26-04.19.36:848][166]LogModuleManager: Shutting down and abandoning module Messaging (105)
[2018.02.26-04.19.36:848][166]LogModuleManager: Shutting down and abandoning module IOSTargetPlatform (103)
[2018.02.26-04.19.36:848][166]LogModuleManager: Shutting down and abandoning module HTML5TargetPlatform (101)
[2018.02.26-04.19.36:848][166]LogModuleManager: Shutting down and abandoning module AndroidTargetPlatform (99)
[2018.02.26-04.19.36:848][166]LogModuleManager: Shutting down and abandoning module Android_PVRTCTargetPlatform (97)
[2018.02.26-04.19.36:848][166]LogModuleManager: Shutting down and abandoning module Android_MultiTargetPlatform (95)
[2018.02.26-04.19.36:848][166]LogModuleManager: Shutting down and abandoning module Android_ETC2TargetPlatform (93)
[2018.02.26-04.19.36:848][166]LogModuleManager: Shutting down and abandoning module Android_ETC1TargetPlatform (91)
[2018.02.26-04.19.36:848][166]LogModuleManager: Shutting down and abandoning module Android_DXTTargetPlatform (89)
[2018.02.26-04.19.36:848][166]LogModuleManager: Shutting down and abandoning module Android_ATCTargetPlatform (87)
[2018.02.26-04.19.36:848][166]LogModuleManager: Shutting down and abandoning module Android_ASTCTargetPlatform (85)
[2018.02.26-04.19.36:848][166]LogModuleManager: Shutting down and abandoning module WindowsTargetPlatform (83)
[2018.02.26-04.19.36:848][166]LogModuleManager: Shutting down and abandoning module WindowsServerTargetPlatform (81)
[2018.02.26-04.19.36:848][166]LogModuleManager: Shutting down and abandoning module WindowsNoEditorTargetPlatform (79)
[2018.02.26-04.19.36:849][166]LogModuleManager: Shutting down and abandoning module WindowsClientTargetPlatform (77)
[2018.02.26-04.19.36:849][166]LogModuleManager: Shutting down and abandoning module MacTargetPlatform (75)
[2018.02.26-04.19.36:849][166]LogModuleManager: Shutting down and abandoning module MacServerTargetPlatform (73)
[2018.02.26-04.19.36:849][166]LogModuleManager: Shutting down and abandoning module MacNoEditorTargetPlatform (71)
[2018.02.26-04.19.36:849][166]LogModuleManager: Shutting down and abandoning module MacClientTargetPlatform (69)
[2018.02.26-04.19.36:849][166]LogModuleManager: Shutting down and abandoning module AllDesktopTargetPlatform (67)
[2018.02.26-04.19.36:849][166]LogModuleManager: Shutting down and abandoning module InputCore (64)
[2018.02.26-04.19.36:849][166]LogModuleManager: Shutting down and abandoning module Settings (62)
[2018.02.26-04.19.36:849][166]LogModuleManager: Shutting down and abandoning module PhysXCooking (60)
[2018.02.26-04.19.36:849][166]LogModuleManager: Shutting down and abandoning module SteamVR (58)
[2018.02.26-04.19.36:849][166]LogModuleManager: Shutting down and abandoning module OculusHMD (56)
[2018.02.26-04.19.36:858][166]LogModuleManager: Shutting down and abandoning module ExampleDeviceProfileSelector (54)
[2018.02.26-04.19.36:858][166]LogModuleManager: Shutting down and abandoning module AppleARKit (52)
[2018.02.26-04.19.36:858][166]LogModuleManager: Shutting down and abandoning module AugmentedReality (51)
[2018.02.26-04.19.36:859][166]LogModuleManager: Shutting down and abandoning module OnlineBlueprintSupport (48)
[2018.02.26-04.19.36:859][166]LogModuleManager: Shutting down and abandoning module OnlineSubsystem (44)
[2018.02.26-04.19.36:875][166]LogModuleManager: Shutting down and abandoning module XMPP (43)
[2018.02.26-04.19.36:880][166]LogModuleManager: Shutting down and abandoning module HTTP (41)
[2018.02.26-04.19.36:880][166]LogHttp: Display: Http module shutting down, but needs to wait on 1 outstanding Http requests:
[2018.02.26-04.19.36:890][166]LogHttp: Display: 	verb=[POST] url=[https://datarouter.ol.epicgames.com/datarouter/api/v1/public/data?SessionID=%7B0BA408D6-47A2-4425-3109-21BE47AB3B87%7D&AppID=UEEditor.Rocket.Release&AppVersion=4.18.2-3794801%2B%2B%2BUE4%2BRelease-4.18&UserID=9658bfba4b2837633694828ee74d9dbb%7C577540b15dc3426a832c2c3b457cebfa%7C9fdb778e-60e6-4c03-9e5e-d3702a436ec4&AppEnvironment=datacollector-binary&UploadType=eteventstream] status=Processing
[2018.02.26-04.19.36:898][166]LogModuleManager: Shutting down and abandoning module SSL (40)
[2018.02.26-04.19.36:907][166]LogModuleManager: Shutting down and abandoning module AnimationModifiers (36)
[2018.02.26-04.19.36:915][166]LogModuleManager: Shutting down and abandoning module PropertyEditor (35)
[2018.02.26-04.19.36:915][166]LogModuleManager: Shutting down and abandoning module AudioEditor (32)
[2018.02.26-04.19.36:929][166]LogModuleManager: Shutting down and abandoning module TextureCompressor (30)
[2018.02.26-04.19.36:942][166]LogModuleManager: Shutting down and abandoning module ShaderCore (28)
[2018.02.26-04.19.36:942][166]LogModuleManager: Shutting down and abandoning module Landscape (26)
[2018.02.26-04.19.36:942][166]LogModuleManager: Shutting down and abandoning module SlateRHIRenderer (24)
[2018.02.26-04.19.36:956][166]LogModuleManager: Shutting down and abandoning module OpenGLDrv (22)
[2018.02.26-04.19.36:966][166]LogModuleManager: Shutting down and abandoning module D3D11RHI (20)
[2018.02.26-04.19.36:966][166]LogModuleManager: Shutting down and abandoning module AnimGraphRuntime (18)
[2018.02.26-04.19.36:980][166]LogModuleManager: Shutting down and abandoning module Renderer (16)
[2018.02.26-04.19.36:980][166]LogModuleManager: Shutting down and abandoning module Engine (14)
[2018.02.26-04.19.36:994][166]LogModuleManager: Shutting down and abandoning module CoreUObject (12)
[2018.02.26-04.19.36:994][166]LogModuleManager: Shutting down and abandoning module NetworkFile (10)
[2018.02.26-04.19.36:994][166]LogModuleManager: Shutting down and abandoning module CookedIterativeFile (8)
[2018.02.26-04.19.36:994][166]LogModuleManager: Shutting down and abandoning module StreamingFile (6)
[2018.02.26-04.19.36:994][166]LogModuleManager: Shutting down and abandoning module SandboxFile (4)
[2018.02.26-04.19.36:994][166]LogModuleManager: Shutting down and abandoning module PakFile (2)
[2018.02.26-04.19.37:010][166]LogExit: Exiting.
[2018.02.26-04.19.37:026][166]Log file closed, 02/26/18 12:19:37
